Process id is 40
GPU device is 6
Amount of data used is 4217280
	
0/6589500 (epoch 1) loss: 34.502, gen loss: 21.254, ret loss: 6.970, fp loss: 6.206, KL loss: 0.356. 
10000/6589500 (epoch 1) loss: 9.135, gen loss: 3.383, ret loss: 0.680, fp loss: 1.677, KL loss: 16.980. 
20000/6589500 (epoch 1) loss: 8.354, gen loss: 2.772, ret loss: 0.574, fp loss: 1.388, KL loss: 18.103. 
30000/6589500 (epoch 1) loss: 7.981, gen loss: 2.495, ret loss: 0.524, fp loss: 1.245, KL loss: 18.586. 
40000/6589500 (epoch 1) loss: 7.757, gen loss: 2.331, ret loss: 0.493, fp loss: 1.156, KL loss: 18.882. 
50000/6589500 (epoch 1) loss: 7.599, gen loss: 2.218, ret loss: 0.472, fp loss: 1.093, KL loss: 19.080. 
60000/6589500 (epoch 1) loss: 7.483, gen loss: 2.134, ret loss: 0.456, fp loss: 1.048, KL loss: 19.225. 
Model checkpoint: save/all_data_1k_vocab_0.2_KL_beta/model1.ckpt. Average for epoch , loss: 7.426
70000/6589500 (epoch 2) loss: 6.806, gen loss: 1.657, ret loss: 0.365, fp loss: 0.790, KL loss: 19.970. 
80000/6589500 (epoch 2) loss: 6.789, gen loss: 1.641, ret loss: 0.364, fp loss: 0.783, KL loss: 20.010. 
90000/6589500 (epoch 2) loss: 6.767, gen loss: 1.625, ret loss: 0.362, fp loss: 0.776, KL loss: 20.021. 
100000/6589500 (epoch 2) loss: 6.746, gen loss: 1.608, ret loss: 0.360, fp loss: 0.770, KL loss: 20.039. 
110000/6589500 (epoch 2) loss: 6.730, gen loss: 1.595, ret loss: 0.359, fp loss: 0.764, KL loss: 20.060. 
120000/6589500 (epoch 2) loss: 6.716, gen loss: 1.584, ret loss: 0.358, fp loss: 0.758, KL loss: 20.080. 
130000/6589500 (epoch 2) loss: 6.705, gen loss: 1.575, ret loss: 0.357, fp loss: 0.754, KL loss: 20.094. 
Model checkpoint: save/all_data_1k_vocab_0.2_KL_beta/model2.ckpt. Average for epoch , loss: 6.702
140000/6589500 (epoch 3) loss: 6.607, gen loss: 1.507, ret loss: 0.347, fp loss: 0.716, KL loss: 20.187. 
150000/6589500 (epoch 3) loss: 6.598, gen loss: 1.501, ret loss: 0.347, fp loss: 0.710, KL loss: 20.200. 
160000/6589500 (epoch 3) loss: 6.588, gen loss: 1.494, ret loss: 0.347, fp loss: 0.707, KL loss: 20.200. 
170000/6589500 (epoch 3) loss: 6.582, gen loss: 1.490, ret loss: 0.346, fp loss: 0.704, KL loss: 20.211. 
180000/6589500 (epoch 3) loss: 6.576, gen loss: 1.486, ret loss: 0.347, fp loss: 0.701, KL loss: 20.217. 
190000/6589500 (epoch 3) loss: 6.572, gen loss: 1.483, ret loss: 0.346, fp loss: 0.698, KL loss: 20.225. 
Model checkpoint: save/all_data_1k_vocab_0.2_KL_beta/model3.ckpt. Average for epoch , loss: 6.568
200000/6589500 (epoch 4) loss: 6.530, gen loss: 1.453, ret loss: 0.350, fp loss: 0.679, KL loss: 20.243. 
210000/6589500 (epoch 4) loss: 6.527, gen loss: 1.450, ret loss: 0.345, fp loss: 0.677, KL loss: 20.272. 
220000/6589500 (epoch 4) loss: 6.523, gen loss: 1.447, ret loss: 0.345, fp loss: 0.675, KL loss: 20.282. 
230000/6589500 (epoch 4) loss: 6.515, gen loss: 1.441, ret loss: 0.345, fp loss: 0.673, KL loss: 20.280. 
240000/6589500 (epoch 4) loss: 6.514, gen loss: 1.440, ret loss: 0.345, fp loss: 0.671, KL loss: 20.290. 
250000/6589500 (epoch 4) loss: 6.510, gen loss: 1.438, ret loss: 0.345, fp loss: 0.670, KL loss: 20.289. 
260000/6589500 (epoch 4) loss: 6.510, gen loss: 1.437, ret loss: 0.345, fp loss: 0.669, KL loss: 20.296. 
Model checkpoint: save/all_data_1k_vocab_0.2_KL_beta/model4.ckpt. Average for epoch , loss: 6.509
270000/6589500 (epoch 5) loss: 6.483, gen loss: 1.418, ret loss: 0.344, fp loss: 0.657, KL loss: 20.325. 
280000/6589500 (epoch 5) loss: 6.483, gen loss: 1.417, ret loss: 0.346, fp loss: 0.654, KL loss: 20.332. 
290000/6589500 (epoch 5) loss: 6.486, gen loss: 1.418, ret loss: 0.346, fp loss: 0.656, KL loss: 20.332. 
300000/6589500 (epoch 5) loss: 6.484, gen loss: 1.417, ret loss: 0.346, fp loss: 0.655, KL loss: 20.330. 
310000/6589500 (epoch 5) loss: 6.483, gen loss: 1.417, ret loss: 0.346, fp loss: 0.655, KL loss: 20.330. 
320000/6589500 (epoch 5) loss: 6.485, gen loss: 1.418, ret loss: 0.347, fp loss: 0.655, KL loss: 20.332. 
Model checkpoint: save/all_data_1k_vocab_0.2_KL_beta/model5.ckpt. Average for epoch , loss: 6.485
330000/6589500 (epoch 6) loss: 6.486, gen loss: 1.410, ret loss: 0.348, fp loss: 0.649, KL loss: 20.394. 
340000/6589500 (epoch 6) loss: 6.485, gen loss: 1.412, ret loss: 0.351, fp loss: 0.650, KL loss: 20.359. 
350000/6589500 (epoch 6) loss: 6.486, gen loss: 1.413, ret loss: 0.351, fp loss: 0.650, KL loss: 20.355. 
360000/6589500 (epoch 6) loss: 6.482, gen loss: 1.410, ret loss: 0.351, fp loss: 0.651, KL loss: 20.349. 
370000/6589500 (epoch 6) loss: 6.486, gen loss: 1.411, ret loss: 0.352, fp loss: 0.652, KL loss: 20.352. 
380000/6589500 (epoch 6) loss: 6.488, gen loss: 1.412, ret loss: 0.353, fp loss: 0.651, KL loss: 20.362. 
390000/6589500 (epoch 6) loss: 6.492, gen loss: 1.413, ret loss: 0.354, fp loss: 0.652, KL loss: 20.371. 
Model checkpoint: save/all_data_1k_vocab_0.2_KL_beta/model6.ckpt. Average for epoch , loss: 6.492
400000/6589500 (epoch 7) loss: 6.486, gen loss: 1.408, ret loss: 0.357, fp loss: 0.645, KL loss: 20.381. 
410000/6589500 (epoch 7) loss: 6.494, gen loss: 1.411, ret loss: 0.355, fp loss: 0.647, KL loss: 20.410. 
420000/6589500 (epoch 7) loss: 6.493, gen loss: 1.410, ret loss: 0.355, fp loss: 0.646, KL loss: 20.410. 
430000/6589500 (epoch 7) loss: 6.490, gen loss: 1.408, ret loss: 0.355, fp loss: 0.645, KL loss: 20.409. 
440000/6589500 (epoch 7) loss: 6.491, gen loss: 1.408, ret loss: 0.356, fp loss: 0.645, KL loss: 20.411. 
450000/6589500 (epoch 7) loss: 6.493, gen loss: 1.408, ret loss: 0.357, fp loss: 0.645, KL loss: 20.417. 
460000/6589500 (epoch 7) loss: 6.493, gen loss: 1.408, ret loss: 0.357, fp loss: 0.645, KL loss: 20.419. 
Model checkpoint: save/all_data_1k_vocab_0.2_KL_beta/model7.ckpt. Average for epoch , loss: 6.493
470000/6589500 (epoch 8) loss: 6.517, gen loss: 1.416, ret loss: 0.363, fp loss: 0.643, KL loss: 20.474. 
480000/6589500 (epoch 8) loss: 6.518, gen loss: 1.414, ret loss: 0.365, fp loss: 0.644, KL loss: 20.481. 
490000/6589500 (epoch 8) loss: 6.516, gen loss: 1.412, ret loss: 0.366, fp loss: 0.645, KL loss: 20.469. 
500000/6589500 (epoch 8) loss: 6.519, gen loss: 1.414, ret loss: 0.367, fp loss: 0.644, KL loss: 20.472. 
510000/6589500 (epoch 8) loss: 6.520, gen loss: 1.415, ret loss: 0.366, fp loss: 0.644, KL loss: 20.472. 
520000/6589500 (epoch 8) loss: 6.525, gen loss: 1.416, ret loss: 0.369, fp loss: 0.644, KL loss: 20.482. 
Model checkpoint: save/all_data_1k_vocab_0.2_KL_beta/model8.ckpt. Average for epoch , loss: 6.526
530000/6589500 (epoch 9) loss: 6.531, gen loss: 1.418, ret loss: 0.379, fp loss: 0.641, KL loss: 20.466. 
540000/6589500 (epoch 9) loss: 6.534, gen loss: 1.417, ret loss: 0.376, fp loss: 0.642, KL loss: 20.498. 
550000/6589500 (epoch 9) loss: 6.528, gen loss: 1.415, ret loss: 0.372, fp loss: 0.641, KL loss: 20.503. 
560000/6589500 (epoch 9) loss: 6.529, gen loss: 1.413, ret loss: 0.373, fp loss: 0.641, KL loss: 20.510. 
570000/6589500 (epoch 9) loss: 6.532, gen loss: 1.414, ret loss: 0.372, fp loss: 0.642, KL loss: 20.520. 
580000/6589500 (epoch 9) loss: 6.536, gen loss: 1.415, ret loss: 0.373, fp loss: 0.642, KL loss: 20.526. 
590000/6589500 (epoch 9) loss: 6.542, gen loss: 1.416, ret loss: 0.375, fp loss: 0.642, KL loss: 20.540. 
Model checkpoint: save/all_data_1k_vocab_0.2_KL_beta/model9.ckpt. Average for epoch , loss: 6.542
600000/6589500 (epoch 10) loss: 6.537, gen loss: 1.412, ret loss: 0.374, fp loss: 0.641, KL loss: 20.548. 
610000/6589500 (epoch 10) loss: 6.542, gen loss: 1.415, ret loss: 0.376, fp loss: 0.639, KL loss: 20.561. 
620000/6589500 (epoch 10) loss: 6.561, gen loss: 1.416, ret loss: 0.385, fp loss: 0.641, KL loss: 20.592. 
630000/6589500 (epoch 10) loss: 6.565, gen loss: 1.418, ret loss: 0.386, fp loss: 0.643, KL loss: 20.593. 
640000/6589500 (epoch 10) loss: 6.566, gen loss: 1.419, ret loss: 0.386, fp loss: 0.643, KL loss: 20.590. 
650000/6589500 (epoch 10) loss: 6.571, gen loss: 1.421, ret loss: 0.388, fp loss: 0.643, KL loss: 20.597. 
Model checkpoint: save/all_data_1k_vocab_0.2_KL_beta/model10.ckpt. Average for epoch , loss: 6.572
660000/6589500 (epoch 11) loss: 6.547, gen loss: 1.421, ret loss: 0.383, fp loss: 0.638, KL loss: 20.523. 
670000/6589500 (epoch 11) loss: 6.579, gen loss: 1.426, ret loss: 0.385, fp loss: 0.645, KL loss: 20.613. 
680000/6589500 (epoch 11) loss: 6.589, gen loss: 1.427, ret loss: 0.388, fp loss: 0.647, KL loss: 20.638. 
690000/6589500 (epoch 11) loss: 6.589, gen loss: 1.425, ret loss: 0.390, fp loss: 0.646, KL loss: 20.636. 
700000/6589500 (epoch 11) loss: 6.594, gen loss: 1.427, ret loss: 0.391, fp loss: 0.648, KL loss: 20.642. 
710000/6589500 (epoch 11) loss: 6.597, gen loss: 1.429, ret loss: 0.391, fp loss: 0.649, KL loss: 20.644. 
720000/6589500 (epoch 11) loss: 6.602, gen loss: 1.430, ret loss: 0.392, fp loss: 0.649, KL loss: 20.655. 
Model checkpoint: save/all_data_1k_vocab_0.2_KL_beta/model11.ckpt. Average for epoch , loss: 6.603
730000/6589500 (epoch 12) loss: 6.617, gen loss: 1.438, ret loss: 0.394, fp loss: 0.650, KL loss: 20.675. 
740000/6589500 (epoch 12) loss: 6.613, gen loss: 1.437, ret loss: 0.391, fp loss: 0.648, KL loss: 20.683. 
750000/6589500 (epoch 12) loss: 6.617, gen loss: 1.439, ret loss: 0.394, fp loss: 0.650, KL loss: 20.671. 
760000/6589500 (epoch 12) loss: 6.619, gen loss: 1.439, ret loss: 0.396, fp loss: 0.651, KL loss: 20.669. 
770000/6589500 (epoch 12) loss: 6.627, gen loss: 1.441, ret loss: 0.399, fp loss: 0.651, KL loss: 20.677. 
780000/6589500 (epoch 12) loss: 6.630, gen loss: 1.443, ret loss: 0.399, fp loss: 0.651, KL loss: 20.690. 
790000/6589500 (epoch 12) loss: 6.638, gen loss: 1.444, ret loss: 0.401, fp loss: 0.652, KL loss: 20.707. 
Model checkpoint: save/all_data_1k_vocab_0.2_KL_beta/model12.ckpt. Average for epoch , loss: 6.638
800000/6589500 (epoch 13) loss: 6.657, gen loss: 1.450, ret loss: 0.407, fp loss: 0.652, KL loss: 20.740. 
810000/6589500 (epoch 13) loss: 6.668, gen loss: 1.451, ret loss: 0.411, fp loss: 0.652, KL loss: 20.770. 
820000/6589500 (epoch 13) loss: 6.665, gen loss: 1.449, ret loss: 0.411, fp loss: 0.653, KL loss: 20.757. 
830000/6589500 (epoch 13) loss: 6.675, gen loss: 1.452, ret loss: 0.415, fp loss: 0.657, KL loss: 20.758. 
840000/6589500 (epoch 13) loss: 6.679, gen loss: 1.452, ret loss: 0.418, fp loss: 0.656, KL loss: 20.762. 
850000/6589500 (epoch 13) loss: 6.686, gen loss: 1.453, ret loss: 0.420, fp loss: 0.658, KL loss: 20.774. 
Model checkpoint: save/all_data_1k_vocab_0.2_KL_beta/model13.ckpt. Average for epoch , loss: 6.689
860000/6589500 (epoch 14) loss: 6.703, gen loss: 1.457, ret loss: 0.423, fp loss: 0.661, KL loss: 20.809. 
870000/6589500 (epoch 14) loss: 6.728, gen loss: 1.466, ret loss: 0.424, fp loss: 0.667, KL loss: 20.852. 
880000/6589500 (epoch 14) loss: 6.725, gen loss: 1.465, ret loss: 0.424, fp loss: 0.669, KL loss: 20.836. 
890000/6589500 (epoch 14) loss: 6.726, gen loss: 1.466, ret loss: 0.426, fp loss: 0.668, KL loss: 20.829. 
900000/6589500 (epoch 14) loss: 6.730, gen loss: 1.467, ret loss: 0.426, fp loss: 0.669, KL loss: 20.839. 
910000/6589500 (epoch 14) loss: 6.734, gen loss: 1.470, ret loss: 0.426, fp loss: 0.671, KL loss: 20.837. 
920000/6589500 (epoch 14) loss: 6.739, gen loss: 1.472, ret loss: 0.426, fp loss: 0.674, KL loss: 20.839. 
Model checkpoint: save/all_data_1k_vocab_0.2_KL_beta/model14.ckpt. Average for epoch , loss: 6.740
930000/6589500 (epoch 15) loss: 6.786, gen loss: 1.494, ret loss: 0.427, fp loss: 0.687, KL loss: 20.886. 
940000/6589500 (epoch 15) loss: 6.776, gen loss: 1.486, ret loss: 0.427, fp loss: 0.688, KL loss: 20.873. 
950000/6589500 (epoch 15) loss: 6.765, gen loss: 1.483, ret loss: 0.425, fp loss: 0.686, KL loss: 20.852. 
960000/6589500 (epoch 15) loss: 6.768, gen loss: 1.484, ret loss: 0.427, fp loss: 0.687, KL loss: 20.855. 
970000/6589500 (epoch 15) loss: 6.771, gen loss: 1.484, ret loss: 0.428, fp loss: 0.686, KL loss: 20.865. 
980000/6589500 (epoch 15) loss: 6.773, gen loss: 1.485, ret loss: 0.428, fp loss: 0.686, KL loss: 20.874. 
Model checkpoint: save/all_data_1k_vocab_0.2_KL_beta/model15.ckpt. Average for epoch , loss: 6.773
990000/6589500 (epoch 16) loss: 6.748, gen loss: 1.485, ret loss: 0.425, fp loss: 0.677, KL loss: 20.805. 
1000000/6589500 (epoch 16) loss: 6.787, gen loss: 1.495, ret loss: 0.427, fp loss: 0.683, KL loss: 20.913. 
1010000/6589500 (epoch 16) loss: 6.781, gen loss: 1.490, ret loss: 0.428, fp loss: 0.683, KL loss: 20.895. 
1020000/6589500 (epoch 16) loss: 6.779, gen loss: 1.488, ret loss: 0.428, fp loss: 0.682, KL loss: 20.902. 
1030000/6589500 (epoch 16) loss: 6.784, gen loss: 1.490, ret loss: 0.428, fp loss: 0.683, KL loss: 20.915. 
1040000/6589500 (epoch 16) loss: 6.789, gen loss: 1.493, ret loss: 0.428, fp loss: 0.684, KL loss: 20.919. 
1050000/6589500 (epoch 16) loss: 6.796, gen loss: 1.496, ret loss: 0.428, fp loss: 0.685, KL loss: 20.933. 
Model checkpoint: save/all_data_1k_vocab_0.2_KL_beta/model16.ckpt. Average for epoch , loss: 6.800
1060000/6589500 (epoch 17) loss: 6.807, gen loss: 1.506, ret loss: 0.420, fp loss: 0.693, KL loss: 20.937. 
1070000/6589500 (epoch 17) loss: 6.819, gen loss: 1.509, ret loss: 0.422, fp loss: 0.694, KL loss: 20.973. 
1080000/6589500 (epoch 17) loss: 6.824, gen loss: 1.511, ret loss: 0.424, fp loss: 0.694, KL loss: 20.976. 
1090000/6589500 (epoch 17) loss: 6.826, gen loss: 1.510, ret loss: 0.426, fp loss: 0.694, KL loss: 20.984. 
1100000/6589500 (epoch 17) loss: 6.831, gen loss: 1.514, ret loss: 0.426, fp loss: 0.694, KL loss: 20.992. 
1110000/6589500 (epoch 17) loss: 6.831, gen loss: 1.513, ret loss: 0.426, fp loss: 0.694, KL loss: 20.992. 
1120000/6589500 (epoch 17) loss: 6.835, gen loss: 1.515, ret loss: 0.426, fp loss: 0.695, KL loss: 20.998. 
Model checkpoint: save/all_data_1k_vocab_0.2_KL_beta/model17.ckpt. Average for epoch , loss: 6.835
1130000/6589500 (epoch 18) loss: 6.883, gen loss: 1.536, ret loss: 0.426, fp loss: 0.704, KL loss: 21.086. 
1140000/6589500 (epoch 18) loss: 6.874, gen loss: 1.529, ret loss: 0.424, fp loss: 0.705, KL loss: 21.081. 
1150000/6589500 (epoch 18) loss: 6.877, gen loss: 1.529, ret loss: 0.428, fp loss: 0.707, KL loss: 21.070. 
1160000/6589500 (epoch 18) loss: 6.879, gen loss: 1.530, ret loss: 0.427, fp loss: 0.708, KL loss: 21.065. 
1170000/6589500 (epoch 18) loss: 6.881, gen loss: 1.532, ret loss: 0.428, fp loss: 0.710, KL loss: 21.056. 
1180000/6589500 (epoch 18) loss: 6.891, gen loss: 1.536, ret loss: 0.430, fp loss: 0.711, KL loss: 21.067. 
Model checkpoint: save/all_data_1k_vocab_0.2_KL_beta/model18.ckpt. Average for epoch , loss: 6.892
1190000/6589500 (epoch 19) loss: 6.915, gen loss: 1.544, ret loss: 0.431, fp loss: 0.715, KL loss: 21.126. 
1200000/6589500 (epoch 19) loss: 6.938, gen loss: 1.557, ret loss: 0.432, fp loss: 0.722, KL loss: 21.132. 
1210000/6589500 (epoch 19) loss: 6.945, gen loss: 1.561, ret loss: 0.435, fp loss: 0.727, KL loss: 21.109. 
1220000/6589500 (epoch 19) loss: 6.946, gen loss: 1.560, ret loss: 0.436, fp loss: 0.729, KL loss: 21.102. 
1230000/6589500 (epoch 19) loss: 6.963, gen loss: 1.566, ret loss: 0.438, fp loss: 0.733, KL loss: 21.127. 
1240000/6589500 (epoch 19) loss: 6.974, gen loss: 1.572, ret loss: 0.439, fp loss: 0.736, KL loss: 21.135. 
1250000/6589500 (epoch 19) loss: 6.981, gen loss: 1.578, ret loss: 0.439, fp loss: 0.739, KL loss: 21.131. 
Model checkpoint: save/all_data_1k_vocab_0.2_KL_beta/model19.ckpt. Average for epoch , loss: 6.981
1260000/6589500 (epoch 20) loss: 7.021, gen loss: 1.616, ret loss: 0.436, fp loss: 0.744, KL loss: 21.128. 
1270000/6589500 (epoch 20) loss: 7.037, gen loss: 1.620, ret loss: 0.434, fp loss: 0.748, KL loss: 21.173. 
1280000/6589500 (epoch 20) loss: 7.036, gen loss: 1.621, ret loss: 0.432, fp loss: 0.750, KL loss: 21.168. 
1290000/6589500 (epoch 20) loss: 7.043, gen loss: 1.623, ret loss: 0.434, fp loss: 0.754, KL loss: 21.161. 
1300000/6589500 (epoch 20) loss: 7.050, gen loss: 1.628, ret loss: 0.435, fp loss: 0.755, KL loss: 21.163. 
1310000/6589500 (epoch 20) loss: 7.057, gen loss: 1.633, ret loss: 0.435, fp loss: 0.757, KL loss: 21.158. 
Model checkpoint: save/all_data_1k_vocab_0.2_KL_beta/model20.ckpt. Average for epoch , loss: 7.061
1320000/6589500 (epoch 21) loss: 7.125, gen loss: 1.672, ret loss: 0.451, fp loss: 0.762, KL loss: 21.198. 
1330000/6589500 (epoch 21) loss: 7.159, gen loss: 1.694, ret loss: 0.445, fp loss: 0.775, KL loss: 21.228. 
1340000/6589500 (epoch 21) loss: 7.159, gen loss: 1.696, ret loss: 0.446, fp loss: 0.778, KL loss: 21.197. 
1350000/6589500 (epoch 21) loss: 7.171, gen loss: 1.703, ret loss: 0.448, fp loss: 0.782, KL loss: 21.189. 
1360000/6589500 (epoch 21) loss: 7.195, gen loss: 1.719, ret loss: 0.450, fp loss: 0.788, KL loss: 21.190. 
1370000/6589500 (epoch 21) loss: 7.212, gen loss: 1.733, ret loss: 0.451, fp loss: 0.791, KL loss: 21.182. 
1380000/6589500 (epoch 21) loss: 7.230, gen loss: 1.751, ret loss: 0.451, fp loss: 0.797, KL loss: 21.158. 
Model checkpoint: save/all_data_1k_vocab_0.2_KL_beta/model21.ckpt. Average for epoch , loss: 7.237
1390000/6589500 (epoch 22) loss: 7.364, gen loss: 1.872, ret loss: 0.455, fp loss: 0.834, KL loss: 21.012. 
1400000/6589500 (epoch 22) loss: 7.410, gen loss: 1.904, ret loss: 0.459, fp loss: 0.841, KL loss: 21.033. 
1410000/6589500 (epoch 22) loss: 7.422, gen loss: 1.920, ret loss: 0.457, fp loss: 0.848, KL loss: 20.989. 
1420000/6589500 (epoch 22) loss: 7.431, gen loss: 1.931, ret loss: 0.458, fp loss: 0.853, KL loss: 20.943. 
1430000/6589500 (epoch 22) loss: 7.447, gen loss: 1.945, ret loss: 0.459, fp loss: 0.858, KL loss: 20.924. 
1440000/6589500 (epoch 22) loss: 7.460, gen loss: 1.959, ret loss: 0.460, fp loss: 0.861, KL loss: 20.899. 
Model checkpoint: save/all_data_1k_vocab_0.2_KL_beta/model22.ckpt. Average for epoch , loss: 7.468
1450000/6589500 (epoch 23) loss: 7.539, gen loss: 2.050, ret loss: 0.431, fp loss: 0.918, KL loss: 20.701. 
1460000/6589500 (epoch 23) loss: 7.515, gen loss: 2.019, ret loss: 0.463, fp loss: 0.899, KL loss: 20.669. 
1470000/6589500 (epoch 23) loss: 7.531, gen loss: 2.031, ret loss: 0.464, fp loss: 0.902, KL loss: 20.668. 
1480000/6589500 (epoch 23) loss: 7.533, gen loss: 2.039, ret loss: 0.463, fp loss: 0.902, KL loss: 20.645. 
1490000/6589500 (epoch 23) loss: 7.533, gen loss: 2.044, ret loss: 0.462, fp loss: 0.901, KL loss: 20.629. 
1500000/6589500 (epoch 23) loss: 7.532, gen loss: 2.044, ret loss: 0.463, fp loss: 0.900, KL loss: 20.619. 
1510000/6589500 (epoch 23) loss: 7.531, gen loss: 2.044, ret loss: 0.463, fp loss: 0.902, KL loss: 20.611. 
Model checkpoint: save/all_data_1k_vocab_0.2_KL_beta/model23.ckpt. Average for epoch , loss: 7.530
1520000/6589500 (epoch 24) loss: 7.511, gen loss: 2.031, ret loss: 0.451, fp loss: 0.919, KL loss: 20.552. 
1530000/6589500 (epoch 24) loss: 7.555, gen loss: 2.068, ret loss: 0.458, fp loss: 0.920, KL loss: 20.542. 
1540000/6589500 (epoch 24) loss: 7.547, gen loss: 2.066, ret loss: 0.458, fp loss: 0.919, KL loss: 20.519. 
1550000/6589500 (epoch 24) loss: 7.543, gen loss: 2.066, ret loss: 0.459, fp loss: 0.921, KL loss: 20.489. 
1560000/6589500 (epoch 24) loss: 7.546, gen loss: 2.069, ret loss: 0.459, fp loss: 0.922, KL loss: 20.481. 
1570000/6589500 (epoch 24) loss: 7.551, gen loss: 2.075, ret loss: 0.459, fp loss: 0.924, KL loss: 20.470. 
1580000/6589500 (epoch 24) loss: 7.557, gen loss: 2.079, ret loss: 0.460, fp loss: 0.927, KL loss: 20.455. 
Model checkpoint: save/all_data_1k_vocab_0.2_KL_beta/model24.ckpt. Average for epoch , loss: 7.558
1590000/6589500 (epoch 25) loss: 7.585, gen loss: 2.133, ret loss: 0.467, fp loss: 0.924, KL loss: 20.306. 
1600000/6589500 (epoch 25) loss: 7.618, gen loss: 2.135, ret loss: 0.470, fp loss: 0.946, KL loss: 20.334. 
1610000/6589500 (epoch 25) loss: 7.610, gen loss: 2.130, ret loss: 0.471, fp loss: 0.944, KL loss: 20.326. 
1620000/6589500 (epoch 25) loss: 7.612, gen loss: 2.135, ret loss: 0.470, fp loss: 0.942, KL loss: 20.329. 
1630000/6589500 (epoch 25) loss: 7.614, gen loss: 2.135, ret loss: 0.469, fp loss: 0.944, KL loss: 20.323. 
1640000/6589500 (epoch 25) loss: 7.617, gen loss: 2.134, ret loss: 0.470, fp loss: 0.946, KL loss: 20.329. 
Model checkpoint: save/all_data_1k_vocab_0.2_KL_beta/model25.ckpt. Average for epoch , loss: 7.634
1650000/6589500 (epoch 26) loss: 7.762, gen loss: 2.175, ret loss: 0.472, fp loss: 1.084, KL loss: 20.154. 
1660000/6589500 (epoch 26) loss: 7.695, gen loss: 2.164, ret loss: 0.473, fp loss: 1.007, KL loss: 20.250. 
1670000/6589500 (epoch 26) loss: 7.694, gen loss: 2.178, ret loss: 0.475, fp loss: 0.991, KL loss: 20.255. 
1680000/6589500 (epoch 26) loss: 7.691, gen loss: 2.188, ret loss: 0.475, fp loss: 0.982, KL loss: 20.234. 
1690000/6589500 (epoch 26) loss: 7.696, gen loss: 2.200, ret loss: 0.476, fp loss: 0.977, KL loss: 20.218. 
1700000/6589500 (epoch 26) loss: 7.705, gen loss: 2.209, ret loss: 0.476, fp loss: 0.979, KL loss: 20.206. 
1710000/6589500 (epoch 26) loss: 7.708, gen loss: 2.218, ret loss: 0.474, fp loss: 0.979, KL loss: 20.186. 
Model checkpoint: save/all_data_1k_vocab_0.2_KL_beta/model26.ckpt. Average for epoch , loss: 7.708
1720000/6589500 (epoch 27) loss: 7.732, gen loss: 2.246, ret loss: 0.467, fp loss: 0.989, KL loss: 20.155. 
1730000/6589500 (epoch 27) loss: 7.735, gen loss: 2.251, ret loss: 0.462, fp loss: 0.985, KL loss: 20.184. 
1740000/6589500 (epoch 27) loss: 7.745, gen loss: 2.248, ret loss: 0.467, fp loss: 1.000, KL loss: 20.153. 
1750000/6589500 (epoch 27) loss: 7.759, gen loss: 2.250, ret loss: 0.468, fp loss: 1.016, KL loss: 20.127. 
1760000/6589500 (epoch 27) loss: 7.766, gen loss: 2.253, ret loss: 0.468, fp loss: 1.026, KL loss: 20.095. 
1770000/6589500 (epoch 27) loss: 7.775, gen loss: 2.261, ret loss: 0.469, fp loss: 1.026, KL loss: 20.093. 
Model checkpoint: save/all_data_1k_vocab_0.2_KL_beta/model27.ckpt. Average for epoch , loss: 7.782
1780000/6589500 (epoch 28) loss: 7.872, gen loss: 2.340, ret loss: 0.465, fp loss: 1.043, KL loss: 20.121. 
1790000/6589500 (epoch 28) loss: 7.807, gen loss: 2.321, ret loss: 0.467, fp loss: 0.999, KL loss: 20.104. 
1800000/6589500 (epoch 28) loss: 7.827, gen loss: 2.342, ret loss: 0.470, fp loss: 0.998, KL loss: 20.082. 
1810000/6589500 (epoch 28) loss: 7.833, gen loss: 2.346, ret loss: 0.469, fp loss: 1.003, KL loss: 20.072. 
1820000/6589500 (epoch 28) loss: 7.853, gen loss: 2.357, ret loss: 0.471, fp loss: 1.012, KL loss: 20.069. 
1830000/6589500 (epoch 28) loss: 7.860, gen loss: 2.364, ret loss: 0.471, fp loss: 1.013, KL loss: 20.061. 
1840000/6589500 (epoch 28) loss: 7.869, gen loss: 2.370, ret loss: 0.473, fp loss: 1.015, KL loss: 20.060. 
Model checkpoint: save/all_data_1k_vocab_0.2_KL_beta/model28.ckpt. Average for epoch , loss: 7.876
1850000/6589500 (epoch 29) loss: 7.901, gen loss: 2.370, ret loss: 0.479, fp loss: 1.055, KL loss: 19.988. 
1860000/6589500 (epoch 29) loss: 7.879, gen loss: 2.355, ret loss: 0.483, fp loss: 1.035, KL loss: 20.031. 
1870000/6589500 (epoch 29) loss: 7.898, gen loss: 2.351, ret loss: 0.485, fp loss: 1.059, KL loss: 20.009. 
1880000/6589500 (epoch 29) loss: 7.927, gen loss: 2.362, ret loss: 0.488, fp loss: 1.073, KL loss: 20.017. 
1890000/6589500 (epoch 29) loss: 7.945, gen loss: 2.379, ret loss: 0.487, fp loss: 1.082, KL loss: 19.984. 
1900000/6589500 (epoch 29) loss: 7.946, gen loss: 2.383, ret loss: 0.487, fp loss: 1.083, KL loss: 19.969. 
1910000/6589500 (epoch 29) loss: 7.941, gen loss: 2.381, ret loss: 0.486, fp loss: 1.081, KL loss: 19.965. 
Model checkpoint: save/all_data_1k_vocab_0.2_KL_beta/model29.ckpt. Average for epoch , loss: 7.940
1920000/6589500 (epoch 30) loss: 7.927, gen loss: 2.374, ret loss: 0.485, fp loss: 1.087, KL loss: 19.909. 
1930000/6589500 (epoch 30) loss: 7.911, gen loss: 2.361, ret loss: 0.486, fp loss: 1.079, KL loss: 19.924. 
1940000/6589500 (epoch 30) loss: 7.899, gen loss: 2.354, ret loss: 0.484, fp loss: 1.080, KL loss: 19.899. 
1950000/6589500 (epoch 30) loss: 7.905, gen loss: 2.359, ret loss: 0.482, fp loss: 1.082, KL loss: 19.908. 
1960000/6589500 (epoch 30) loss: 7.904, gen loss: 2.363, ret loss: 0.481, fp loss: 1.079, KL loss: 19.903. 
1970000/6589500 (epoch 30) loss: 7.903, gen loss: 2.365, ret loss: 0.482, fp loss: 1.078, KL loss: 19.892. 
Model checkpoint: save/all_data_1k_vocab_0.2_KL_beta/model30.ckpt. Average for epoch , loss: 7.911
1980000/6589500 (epoch 31) loss: 7.938, gen loss: 2.385, ret loss: 0.479, fp loss: 1.122, KL loss: 19.759. 
1990000/6589500 (epoch 31) loss: 7.972, gen loss: 2.397, ret loss: 0.479, fp loss: 1.128, KL loss: 19.844. 
2000000/6589500 (epoch 31) loss: 7.973, gen loss: 2.394, ret loss: 0.477, fp loss: 1.140, KL loss: 19.810. 
2010000/6589500 (epoch 31) loss: 7.975, gen loss: 2.387, ret loss: 0.477, fp loss: 1.148, KL loss: 19.815. 
2020000/6589500 (epoch 31) loss: 7.979, gen loss: 2.395, ret loss: 0.479, fp loss: 1.141, KL loss: 19.817. 
2030000/6589500 (epoch 31) loss: 7.997, gen loss: 2.415, ret loss: 0.481, fp loss: 1.136, KL loss: 19.822. 
2040000/6589500 (epoch 31) loss: 8.008, gen loss: 2.425, ret loss: 0.482, fp loss: 1.136, KL loss: 19.823. 
Model checkpoint: save/all_data_1k_vocab_0.2_KL_beta/model31.ckpt. Average for epoch , loss: 8.009
2050000/6589500 (epoch 32) loss: 8.038, gen loss: 2.446, ret loss: 0.494, fp loss: 1.123, KL loss: 19.875. 
2060000/6589500 (epoch 32) loss: 8.056, gen loss: 2.456, ret loss: 0.494, fp loss: 1.128, KL loss: 19.890. 
2070000/6589500 (epoch 32) loss: 8.082, gen loss: 2.481, ret loss: 0.495, fp loss: 1.134, KL loss: 19.858. 
2080000/6589500 (epoch 32) loss: 8.094, gen loss: 2.490, ret loss: 0.502, fp loss: 1.136, KL loss: 19.830. 
2090000/6589500 (epoch 32) loss: 8.093, gen loss: 2.494, ret loss: 0.501, fp loss: 1.136, KL loss: 19.808. 
2100000/6589500 (epoch 32) loss: 8.085, gen loss: 2.491, ret loss: 0.500, fp loss: 1.136, KL loss: 19.794. 
Model checkpoint: save/all_data_1k_vocab_0.2_KL_beta/model32.ckpt. Average for epoch , loss: 8.090
2110000/6589500 (epoch 33) loss: 7.993, gen loss: 2.474, ret loss: 0.469, fp loss: 1.111, KL loss: 19.698. 
2120000/6589500 (epoch 33) loss: 8.067, gen loss: 2.485, ret loss: 0.494, fp loss: 1.141, KL loss: 19.732. 
2130000/6589500 (epoch 33) loss: 8.075, gen loss: 2.469, ret loss: 0.497, fp loss: 1.156, KL loss: 19.765. 
2140000/6589500 (epoch 33) loss: 8.073, gen loss: 2.462, ret loss: 0.497, fp loss: 1.164, KL loss: 19.751. 
2150000/6589500 (epoch 33) loss: 8.086, gen loss: 2.470, ret loss: 0.496, fp loss: 1.173, KL loss: 19.740. 
2160000/6589500 (epoch 33) loss: 8.094, gen loss: 2.475, ret loss: 0.497, fp loss: 1.174, KL loss: 19.734. 
2170000/6589500 (epoch 33) loss: 8.100, gen loss: 2.477, ret loss: 0.498, fp loss: 1.178, KL loss: 19.730. 
Model checkpoint: save/all_data_1k_vocab_0.2_KL_beta/model33.ckpt. Average for epoch , loss: 8.101
2180000/6589500 (epoch 34) loss: 8.168, gen loss: 2.504, ret loss: 0.539, fp loss: 1.189, KL loss: 19.675. 
2190000/6589500 (epoch 34) loss: 8.187, gen loss: 2.500, ret loss: 0.510, fp loss: 1.197, KL loss: 19.904. 
2200000/6589500 (epoch 34) loss: 8.203, gen loss: 2.497, ret loss: 0.502, fp loss: 1.240, KL loss: 19.821. 
2210000/6589500 (epoch 34) loss: 8.204, gen loss: 2.498, ret loss: 0.500, fp loss: 1.255, KL loss: 19.751. 
2220000/6589500 (epoch 34) loss: 8.212, gen loss: 2.506, ret loss: 0.499, fp loss: 1.264, KL loss: 19.718. 
2230000/6589500 (epoch 34) loss: 8.220, gen loss: 2.509, ret loss: 0.499, fp loss: 1.270, KL loss: 19.708. 
2240000/6589500 (epoch 34) loss: 8.219, gen loss: 2.509, ret loss: 0.498, fp loss: 1.275, KL loss: 19.680. 
Model checkpoint: save/all_data_1k_vocab_0.2_KL_beta/model34.ckpt. Average for epoch , loss: 8.219
2250000/6589500 (epoch 35) loss: 8.260, gen loss: 2.542, ret loss: 0.515, fp loss: 1.291, KL loss: 19.558. 
2260000/6589500 (epoch 35) loss: 8.283, gen loss: 2.554, ret loss: 0.513, fp loss: 1.302, KL loss: 19.574. 
2270000/6589500 (epoch 35) loss: 8.274, gen loss: 2.547, ret loss: 0.514, fp loss: 1.311, KL loss: 19.510. 
2280000/6589500 (epoch 35) loss: 8.281, gen loss: 2.554, ret loss: 0.515, fp loss: 1.310, KL loss: 19.507. 
2290000/6589500 (epoch 35) loss: 8.278, gen loss: 2.555, ret loss: 0.514, fp loss: 1.308, KL loss: 19.506. 
2300000/6589500 (epoch 35) loss: 8.279, gen loss: 2.556, ret loss: 0.514, fp loss: 1.307, KL loss: 19.510. 
Model checkpoint: save/all_data_1k_vocab_0.2_KL_beta/model35.ckpt. Average for epoch , loss: 8.275
2310000/6589500 (epoch 36) loss: 8.226, gen loss: 2.521, ret loss: 0.519, fp loss: 1.292, KL loss: 19.468. 
2320000/6589500 (epoch 36) loss: 8.271, gen loss: 2.526, ret loss: 0.513, fp loss: 1.323, KL loss: 19.544. 
2330000/6589500 (epoch 36) loss: 8.256, gen loss: 2.521, ret loss: 0.510, fp loss: 1.320, KL loss: 19.526. 
2340000/6589500 (epoch 36) loss: 8.259, gen loss: 2.522, ret loss: 0.514, fp loss: 1.317, KL loss: 19.526. 
2350000/6589500 (epoch 36) loss: 8.263, gen loss: 2.532, ret loss: 0.515, fp loss: 1.317, KL loss: 19.496. 
2360000/6589500 (epoch 36) loss: 8.266, gen loss: 2.540, ret loss: 0.513, fp loss: 1.316, KL loss: 19.484. 
2370000/6589500 (epoch 36) loss: 8.275, gen loss: 2.549, ret loss: 0.517, fp loss: 1.315, KL loss: 19.474. 
Model checkpoint: save/all_data_1k_vocab_0.2_KL_beta/model36.ckpt. Average for epoch , loss: 8.274
2380000/6589500 (epoch 37) loss: 8.334, gen loss: 2.592, ret loss: 0.520, fp loss: 1.313, KL loss: 19.550. 
2390000/6589500 (epoch 37) loss: 8.318, gen loss: 2.585, ret loss: 0.519, fp loss: 1.317, KL loss: 19.488. 
2400000/6589500 (epoch 37) loss: 8.333, gen loss: 2.591, ret loss: 0.520, fp loss: 1.329, KL loss: 19.472. 
2410000/6589500 (epoch 37) loss: 8.340, gen loss: 2.593, ret loss: 0.520, fp loss: 1.338, KL loss: 19.445. 
2420000/6589500 (epoch 37) loss: 8.345, gen loss: 2.598, ret loss: 0.519, fp loss: 1.342, KL loss: 19.433. 
2430000/6589500 (epoch 37) loss: 8.357, gen loss: 2.605, ret loss: 0.519, fp loss: 1.350, KL loss: 19.416. 
Model checkpoint: save/all_data_1k_vocab_0.2_KL_beta/model37.ckpt. Average for epoch , loss: 8.374
2440000/6589500 (epoch 38) loss: 8.437, gen loss: 2.680, ret loss: 0.528, fp loss: 1.402, KL loss: 19.132. 
2450000/6589500 (epoch 38) loss: 8.424, gen loss: 2.682, ret loss: 0.514, fp loss: 1.394, KL loss: 19.167. 
2460000/6589500 (epoch 38) loss: 8.414, gen loss: 2.680, ret loss: 0.512, fp loss: 1.389, KL loss: 19.165. 
2470000/6589500 (epoch 38) loss: 8.429, gen loss: 2.672, ret loss: 0.509, fp loss: 1.410, KL loss: 19.197. 
2480000/6589500 (epoch 38) loss: 8.450, gen loss: 2.688, ret loss: 0.509, fp loss: 1.417, KL loss: 19.179. 
2490000/6589500 (epoch 38) loss: 8.445, gen loss: 2.685, ret loss: 0.511, fp loss: 1.414, KL loss: 19.170. 
2500000/6589500 (epoch 38) loss: 8.446, gen loss: 2.685, ret loss: 0.512, fp loss: 1.411, KL loss: 19.188. 
Model checkpoint: save/all_data_1k_vocab_0.2_KL_beta/model38.ckpt. Average for epoch , loss: 8.445
2510000/6589500 (epoch 39) loss: 8.412, gen loss: 2.680, ret loss: 0.504, fp loss: 1.382, KL loss: 19.232. 
2520000/6589500 (epoch 39) loss: 8.421, gen loss: 2.681, ret loss: 0.511, fp loss: 1.386, KL loss: 19.216. 
2530000/6589500 (epoch 39) loss: 8.443, gen loss: 2.682, ret loss: 0.519, fp loss: 1.392, KL loss: 19.247. 
2540000/6589500 (epoch 39) loss: 8.437, gen loss: 2.674, ret loss: 0.520, fp loss: 1.394, KL loss: 19.247. 
2550000/6589500 (epoch 39) loss: 8.424, gen loss: 2.663, ret loss: 0.520, fp loss: 1.393, KL loss: 19.238. 
2560000/6589500 (epoch 39) loss: 8.420, gen loss: 2.657, ret loss: 0.523, fp loss: 1.392, KL loss: 19.236. 
Model checkpoint: save/all_data_1k_vocab_0.2_KL_beta/model39.ckpt. Average for epoch , loss: 8.415
2570000/6589500 (epoch 40) loss: 8.466, gen loss: 2.721, ret loss: 0.505, fp loss: 1.382, KL loss: 19.290. 
2580000/6589500 (epoch 40) loss: 8.416, gen loss: 2.666, ret loss: 0.522, fp loss: 1.387, KL loss: 19.208. 
2590000/6589500 (epoch 40) loss: 8.410, gen loss: 2.660, ret loss: 0.521, fp loss: 1.385, KL loss: 19.220. 
2600000/6589500 (epoch 40) loss: 8.405, gen loss: 2.654, ret loss: 0.519, fp loss: 1.388, KL loss: 19.218. 
2610000/6589500 (epoch 40) loss: 8.415, gen loss: 2.659, ret loss: 0.517, fp loss: 1.389, KL loss: 19.249. 
2620000/6589500 (epoch 40) loss: 8.414, gen loss: 2.660, ret loss: 0.515, fp loss: 1.388, KL loss: 19.258. 
2630000/6589500 (epoch 40) loss: 8.426, gen loss: 2.672, ret loss: 0.514, fp loss: 1.387, KL loss: 19.269. 
Model checkpoint: save/all_data_1k_vocab_0.2_KL_beta/model40.ckpt. Average for epoch , loss: 8.438
2640000/6589500 (epoch 41) loss: 8.513, gen loss: 2.751, ret loss: 0.514, fp loss: 1.450, KL loss: 18.988. 
2650000/6589500 (epoch 41) loss: 8.546, gen loss: 2.740, ret loss: 0.521, fp loss: 1.447, KL loss: 19.185. 
2660000/6589500 (epoch 41) loss: 8.521, gen loss: 2.732, ret loss: 0.522, fp loss: 1.432, KL loss: 19.180. 
2670000/6589500 (epoch 41) loss: 8.531, gen loss: 2.735, ret loss: 0.529, fp loss: 1.427, KL loss: 19.200. 
2680000/6589500 (epoch 41) loss: 8.530, gen loss: 2.736, ret loss: 0.530, fp loss: 1.427, KL loss: 19.184. 
2690000/6589500 (epoch 41) loss: 8.527, gen loss: 2.735, ret loss: 0.532, fp loss: 1.422, KL loss: 19.194. 
2700000/6589500 (epoch 41) loss: 8.538, gen loss: 2.741, ret loss: 0.533, fp loss: 1.422, KL loss: 19.211. 
Model checkpoint: save/all_data_1k_vocab_0.2_KL_beta/model41.ckpt. Average for epoch , loss: 8.540
2710000/6589500 (epoch 42) loss: 8.611, gen loss: 2.823, ret loss: 0.529, fp loss: 1.413, KL loss: 19.225. 
2720000/6589500 (epoch 42) loss: 8.629, gen loss: 2.811, ret loss: 0.528, fp loss: 1.417, KL loss: 19.366. 
2730000/6589500 (epoch 42) loss: 8.620, gen loss: 2.811, ret loss: 0.531, fp loss: 1.424, KL loss: 19.267. 
2740000/6589500 (epoch 42) loss: 8.638, gen loss: 2.811, ret loss: 0.533, fp loss: 1.452, KL loss: 19.207. 
2750000/6589500 (epoch 42) loss: 8.640, gen loss: 2.817, ret loss: 0.533, fp loss: 1.455, KL loss: 19.169. 
2760000/6589500 (epoch 42) loss: 8.634, gen loss: 2.818, ret loss: 0.534, fp loss: 1.451, KL loss: 19.157. 
Model checkpoint: save/all_data_1k_vocab_0.2_KL_beta/model42.ckpt. Average for epoch , loss: 8.634
2770000/6589500 (epoch 43) loss: 8.721, gen loss: 2.828, ret loss: 0.525, fp loss: 1.503, KL loss: 19.322. 
2780000/6589500 (epoch 43) loss: 8.669, gen loss: 2.847, ret loss: 0.528, fp loss: 1.487, KL loss: 19.036. 
2790000/6589500 (epoch 43) loss: 8.680, gen loss: 2.848, ret loss: 0.532, fp loss: 1.485, KL loss: 19.076. 
2800000/6589500 (epoch 43) loss: 8.685, gen loss: 2.855, ret loss: 0.533, fp loss: 1.489, KL loss: 19.040. 
2810000/6589500 (epoch 43) loss: 8.711, gen loss: 2.873, ret loss: 0.532, fp loss: 1.505, KL loss: 19.010. 
2820000/6589500 (epoch 43) loss: 8.713, gen loss: 2.875, ret loss: 0.531, fp loss: 1.507, KL loss: 18.997. 
2830000/6589500 (epoch 43) loss: 8.713, gen loss: 2.877, ret loss: 0.532, fp loss: 1.507, KL loss: 18.984. 
Model checkpoint: save/all_data_1k_vocab_0.2_KL_beta/model43.ckpt. Average for epoch , loss: 8.712
2840000/6589500 (epoch 44) loss: 8.714, gen loss: 2.920, ret loss: 0.535, fp loss: 1.473, KL loss: 18.932. 
2850000/6589500 (epoch 44) loss: 8.769, gen loss: 2.934, ret loss: 0.541, fp loss: 1.483, KL loss: 19.056. 
2860000/6589500 (epoch 44) loss: 8.753, gen loss: 2.922, ret loss: 0.536, fp loss: 1.488, KL loss: 19.038. 
2870000/6589500 (epoch 44) loss: 8.746, gen loss: 2.920, ret loss: 0.534, fp loss: 1.488, KL loss: 19.020. 
2880000/6589500 (epoch 44) loss: 8.730, gen loss: 2.913, ret loss: 0.534, fp loss: 1.483, KL loss: 19.003. 
2890000/6589500 (epoch 44) loss: 8.733, gen loss: 2.918, ret loss: 0.534, fp loss: 1.478, KL loss: 19.015. 
Model checkpoint: save/all_data_1k_vocab_0.2_KL_beta/model44.ckpt. Average for epoch , loss: 8.734
2900000/6589500 (epoch 45) loss: 8.681, gen loss: 2.934, ret loss: 0.517, fp loss: 1.437, KL loss: 18.961. 
2910000/6589500 (epoch 45) loss: 8.912, gen loss: 2.940, ret loss: 0.524, fp loss: 1.495, KL loss: 19.765. 
2920000/6589500 (epoch 45) loss: 8.826, gen loss: 2.930, ret loss: 0.529, fp loss: 1.474, KL loss: 19.465. 
2930000/6589500 (epoch 45) loss: 8.797, gen loss: 2.933, ret loss: 0.536, fp loss: 1.466, KL loss: 19.303. 
2940000/6589500 (epoch 45) loss: 8.801, gen loss: 2.948, ret loss: 0.542, fp loss: 1.467, KL loss: 19.218. 
2950000/6589500 (epoch 45) loss: 8.801, gen loss: 2.957, ret loss: 0.542, fp loss: 1.468, KL loss: 19.167. 
2960000/6589500 (epoch 45) loss: 8.807, gen loss: 2.964, ret loss: 0.541, fp loss: 1.471, KL loss: 19.155. 
Model checkpoint: save/all_data_1k_vocab_0.2_KL_beta/model45.ckpt. Average for epoch , loss: 8.801
2970000/6589500 (epoch 46) loss: 8.730, gen loss: 2.967, ret loss: 0.528, fp loss: 1.449, KL loss: 18.925. 
2980000/6589500 (epoch 46) loss: 8.782, gen loss: 2.984, ret loss: 0.535, fp loss: 1.460, KL loss: 19.017. 
2990000/6589500 (epoch 46) loss: 8.814, gen loss: 2.987, ret loss: 0.534, fp loss: 1.504, KL loss: 18.944. 
3000000/6589500 (epoch 46) loss: 8.822, gen loss: 2.987, ret loss: 0.532, fp loss: 1.512, KL loss: 18.951. 
3010000/6589500 (epoch 46) loss: 8.824, gen loss: 2.992, ret loss: 0.533, fp loss: 1.516, KL loss: 18.916. 
3020000/6589500 (epoch 46) loss: 8.833, gen loss: 2.997, ret loss: 0.536, fp loss: 1.520, KL loss: 18.900. 
3030000/6589500 (epoch 46) loss: 8.836, gen loss: 2.997, ret loss: 0.538, fp loss: 1.525, KL loss: 18.879. 
Model checkpoint: save/all_data_1k_vocab_0.2_KL_beta/model46.ckpt. Average for epoch , loss: 8.837
3040000/6589500 (epoch 47) loss: 8.845, gen loss: 2.991, ret loss: 0.548, fp loss: 1.546, KL loss: 18.804. 
3050000/6589500 (epoch 47) loss: 8.857, gen loss: 2.994, ret loss: 0.555, fp loss: 1.541, KL loss: 18.836. 
3060000/6589500 (epoch 47) loss: 8.872, gen loss: 3.002, ret loss: 0.560, fp loss: 1.544, KL loss: 18.833. 
3070000/6589500 (epoch 47) loss: 8.877, gen loss: 3.007, ret loss: 0.560, fp loss: 1.546, KL loss: 18.822. 
3080000/6589500 (epoch 47) loss: 8.877, gen loss: 3.012, ret loss: 0.556, fp loss: 1.544, KL loss: 18.823. 
3090000/6589500 (epoch 47) loss: 8.875, gen loss: 3.012, ret loss: 0.556, fp loss: 1.542, KL loss: 18.822. 
Model checkpoint: save/all_data_1k_vocab_0.2_KL_beta/model47.ckpt. Average for epoch , loss: 8.877
3100000/6589500 (epoch 48) loss: 8.892, gen loss: 3.046, ret loss: 0.559, fp loss: 1.575, KL loss: 18.555. 
3110000/6589500 (epoch 48) loss: 8.932, gen loss: 3.064, ret loss: 0.558, fp loss: 1.572, KL loss: 18.692. 
3120000/6589500 (epoch 48) loss: 8.933, gen loss: 3.061, ret loss: 0.558, fp loss: 1.569, KL loss: 18.725. 
3130000/6589500 (epoch 48) loss: 8.915, gen loss: 3.053, ret loss: 0.555, fp loss: 1.562, KL loss: 18.723. 
3140000/6589500 (epoch 48) loss: 8.907, gen loss: 3.058, ret loss: 0.551, fp loss: 1.556, KL loss: 18.714. 
3150000/6589500 (epoch 48) loss: 8.902, gen loss: 3.057, ret loss: 0.546, fp loss: 1.550, KL loss: 18.745. 
3160000/6589500 (epoch 48) loss: 8.903, gen loss: 3.060, ret loss: 0.544, fp loss: 1.547, KL loss: 18.754. 
Model checkpoint: save/all_data_1k_vocab_0.2_KL_beta/model48.ckpt. Average for epoch , loss: 8.900
3170000/6589500 (epoch 49) loss: 8.847, gen loss: 3.060, ret loss: 0.547, fp loss: 1.508, KL loss: 18.657. 
3180000/6589500 (epoch 49) loss: 8.852, gen loss: 3.058, ret loss: 0.537, fp loss: 1.516, KL loss: 18.703. 
3190000/6589500 (epoch 49) loss: 8.889, gen loss: 3.064, ret loss: 0.537, fp loss: 1.524, KL loss: 18.818. 
3200000/6589500 (epoch 49) loss: 8.878, gen loss: 3.056, ret loss: 0.536, fp loss: 1.523, KL loss: 18.810. 
3210000/6589500 (epoch 49) loss: 8.867, gen loss: 3.052, ret loss: 0.535, fp loss: 1.521, KL loss: 18.794. 
3220000/6589500 (epoch 49) loss: 8.865, gen loss: 3.050, ret loss: 0.536, fp loss: 1.520, KL loss: 18.796. 
Model checkpoint: save/all_data_1k_vocab_0.2_KL_beta/model49.ckpt. Average for epoch , loss: 8.865
3230000/6589500 (epoch 50) loss: 8.846, gen loss: 3.023, ret loss: 0.536, fp loss: 1.522, KL loss: 18.827. 
3240000/6589500 (epoch 50) loss: 8.876, gen loss: 3.051, ret loss: 0.538, fp loss: 1.526, KL loss: 18.809. 
3250000/6589500 (epoch 50) loss: 8.882, gen loss: 3.060, ret loss: 0.536, fp loss: 1.516, KL loss: 18.855. 
3260000/6589500 (epoch 50) loss: 8.867, gen loss: 3.056, ret loss: 0.536, fp loss: 1.514, KL loss: 18.803. 
3270000/6589500 (epoch 50) loss: 8.876, gen loss: 3.060, ret loss: 0.539, fp loss: 1.517, KL loss: 18.803. 
3280000/6589500 (epoch 50) loss: 8.883, gen loss: 3.064, ret loss: 0.543, fp loss: 1.516, KL loss: 18.800. 
3290000/6589500 (epoch 50) loss: 8.905, gen loss: 3.071, ret loss: 0.547, fp loss: 1.520, KL loss: 18.832. 
Model checkpoint: save/all_data_1k_vocab_0.2_KL_beta/model50.ckpt. Average for epoch , loss: 8.902
3300000/6589500 (epoch 51) loss: 8.995, gen loss: 3.109, ret loss: 0.568, fp loss: 1.534, KL loss: 18.920. 
3310000/6589500 (epoch 51) loss: 8.992, gen loss: 3.127, ret loss: 0.561, fp loss: 1.532, KL loss: 18.860. 
3320000/6589500 (epoch 51) loss: 8.963, gen loss: 3.112, ret loss: 0.559, fp loss: 1.530, KL loss: 18.807. 
3330000/6589500 (epoch 51) loss: 8.962, gen loss: 3.108, ret loss: 0.561, fp loss: 1.532, KL loss: 18.800. 
3340000/6589500 (epoch 51) loss: 8.987, gen loss: 3.114, ret loss: 0.563, fp loss: 1.540, KL loss: 18.850. 
3350000/6589500 (epoch 51) loss: 8.979, gen loss: 3.113, ret loss: 0.563, fp loss: 1.540, KL loss: 18.817. 
3360000/6589500 (epoch 51) loss: 8.989, gen loss: 3.117, ret loss: 0.562, fp loss: 1.541, KL loss: 18.847. 
Model checkpoint: save/all_data_1k_vocab_0.2_KL_beta/model51.ckpt. Average for epoch , loss: 8.989
3370000/6589500 (epoch 52) loss: 8.936, gen loss: 3.080, ret loss: 0.556, fp loss: 1.529, KL loss: 18.852. 
3380000/6589500 (epoch 52) loss: 8.918, gen loss: 3.078, ret loss: 0.557, fp loss: 1.527, KL loss: 18.780. 
3390000/6589500 (epoch 52) loss: 8.929, gen loss: 3.071, ret loss: 0.556, fp loss: 1.539, KL loss: 18.818. 
3400000/6589500 (epoch 52) loss: 8.931, gen loss: 3.075, ret loss: 0.554, fp loss: 1.544, KL loss: 18.785. 
3410000/6589500 (epoch 52) loss: 8.934, gen loss: 3.080, ret loss: 0.555, fp loss: 1.546, KL loss: 18.767. 
3420000/6589500 (epoch 52) loss: 8.937, gen loss: 3.083, ret loss: 0.558, fp loss: 1.547, KL loss: 18.751. 
Model checkpoint: save/all_data_1k_vocab_0.2_KL_beta/model52.ckpt. Average for epoch , loss: 8.947
3430000/6589500 (epoch 53) loss: 9.035, gen loss: 3.094, ret loss: 0.577, fp loss: 1.544, KL loss: 19.103. 
3440000/6589500 (epoch 53) loss: 8.969, gen loss: 3.097, ret loss: 0.574, fp loss: 1.522, KL loss: 18.879. 
3450000/6589500 (epoch 53) loss: 8.960, gen loss: 3.085, ret loss: 0.567, fp loss: 1.523, KL loss: 18.921. 
3460000/6589500 (epoch 53) loss: 8.979, gen loss: 3.079, ret loss: 0.607, fp loss: 1.532, KL loss: 18.809. 
3470000/6589500 (epoch 53) loss: 8.984, gen loss: 3.074, ret loss: 0.634, fp loss: 1.533, KL loss: 18.716. 
3480000/6589500 (epoch 53) loss: 8.986, gen loss: 3.070, ret loss: 0.653, fp loss: 1.528, KL loss: 18.678. 
3490000/6589500 (epoch 53) loss: 8.994, gen loss: 3.070, ret loss: 0.663, fp loss: 1.530, KL loss: 18.653. 
Model checkpoint: save/all_data_1k_vocab_0.2_KL_beta/model53.ckpt. Average for epoch , loss: 8.995
3500000/6589500 (epoch 54) loss: 9.044, gen loss: 3.142, ret loss: 0.628, fp loss: 1.545, KL loss: 18.649. 
3510000/6589500 (epoch 54) loss: 9.030, gen loss: 3.129, ret loss: 0.619, fp loss: 1.557, KL loss: 18.623. 
3520000/6589500 (epoch 54) loss: 9.019, gen loss: 3.110, ret loss: 0.613, fp loss: 1.562, KL loss: 18.672. 
3530000/6589500 (epoch 54) loss: 9.009, gen loss: 3.102, ret loss: 0.613, fp loss: 1.561, KL loss: 18.670. 
3540000/6589500 (epoch 54) loss: 9.031, gen loss: 3.105, ret loss: 0.609, fp loss: 1.562, KL loss: 18.778. 
3550000/6589500 (epoch 54) loss: 9.030, gen loss: 3.109, ret loss: 0.608, fp loss: 1.562, KL loss: 18.755. 
Model checkpoint: save/all_data_1k_vocab_0.2_KL_beta/model54.ckpt. Average for epoch , loss: 9.026
3560000/6589500 (epoch 55) loss: 8.985, gen loss: 3.086, ret loss: 0.591, fp loss: 1.578, KL loss: 18.651. 
3570000/6589500 (epoch 55) loss: 9.031, gen loss: 3.108, ret loss: 0.598, fp loss: 1.591, KL loss: 18.666. 
3580000/6589500 (epoch 55) loss: 9.014, gen loss: 3.095, ret loss: 0.595, fp loss: 1.583, KL loss: 18.700. 
3590000/6589500 (epoch 55) loss: 8.997, gen loss: 3.081, ret loss: 0.592, fp loss: 1.581, KL loss: 18.713. 
3600000/6589500 (epoch 55) loss: 9.005, gen loss: 3.088, ret loss: 0.592, fp loss: 1.578, KL loss: 18.734. 
3610000/6589500 (epoch 55) loss: 9.027, gen loss: 3.095, ret loss: 0.598, fp loss: 1.577, KL loss: 18.784. 
3620000/6589500 (epoch 55) loss: 9.027, gen loss: 3.099, ret loss: 0.601, fp loss: 1.576, KL loss: 18.753. 
Model checkpoint: save/all_data_1k_vocab_0.2_KL_beta/model55.ckpt. Average for epoch , loss: 9.027
3630000/6589500 (epoch 56) loss: 9.937, gen loss: 3.269, ret loss: 0.609, fp loss: 1.624, KL loss: 22.179. 
3640000/6589500 (epoch 56) loss: 9.355, gen loss: 3.191, ret loss: 0.603, fp loss: 1.607, KL loss: 19.772. 
3650000/6589500 (epoch 56) loss: 9.218, gen loss: 3.163, ret loss: 0.601, fp loss: 1.586, KL loss: 19.341. 
3660000/6589500 (epoch 56) loss: 9.165, gen loss: 3.149, ret loss: 0.602, fp loss: 1.582, KL loss: 19.156. 
3670000/6589500 (epoch 56) loss: 9.130, gen loss: 3.147, ret loss: 0.599, fp loss: 1.577, KL loss: 19.037. 
3680000/6589500 (epoch 56) loss: 9.114, gen loss: 3.145, ret loss: 0.599, fp loss: 1.577, KL loss: 18.969. 
3690000/6589500 (epoch 56) loss: 9.098, gen loss: 3.140, ret loss: 0.597, fp loss: 1.577, KL loss: 18.916. 
Model checkpoint: save/all_data_1k_vocab_0.2_KL_beta/model56.ckpt. Average for epoch , loss: 9.098
3700000/6589500 (epoch 57) loss: 8.983, gen loss: 3.101, ret loss: 0.583, fp loss: 1.569, KL loss: 18.651. 
3710000/6589500 (epoch 57) loss: 8.980, gen loss: 3.098, ret loss: 0.580, fp loss: 1.573, KL loss: 18.643. 
3720000/6589500 (epoch 57) loss: 8.977, gen loss: 3.094, ret loss: 0.591, fp loss: 1.569, KL loss: 18.617. 
3730000/6589500 (epoch 57) loss: 8.976, gen loss: 3.095, ret loss: 0.592, fp loss: 1.565, KL loss: 18.619. 
3740000/6589500 (epoch 57) loss: 8.996, gen loss: 3.101, ret loss: 0.594, fp loss: 1.565, KL loss: 18.679. 
3750000/6589500 (epoch 57) loss: 8.998, gen loss: 3.103, ret loss: 0.597, fp loss: 1.564, KL loss: 18.673. 
Model checkpoint: save/all_data_1k_vocab_0.2_KL_beta/model57.ckpt. Average for epoch , loss: 8.995
3760000/6589500 (epoch 58) loss: 9.005, gen loss: 3.097, ret loss: 0.606, fp loss: 1.568, KL loss: 18.671. 
3770000/6589500 (epoch 58) loss: 9.003, gen loss: 3.101, ret loss: 0.601, fp loss: 1.573, KL loss: 18.635. 
3780000/6589500 (epoch 58) loss: 9.059, gen loss: 3.125, ret loss: 0.606, fp loss: 1.579, KL loss: 18.745. 
3790000/6589500 (epoch 58) loss: 9.071, gen loss: 3.133, ret loss: 0.606, fp loss: 1.582, KL loss: 18.747. 
3800000/6589500 (epoch 58) loss: 9.085, gen loss: 3.144, ret loss: 0.606, fp loss: 1.578, KL loss: 18.787. 
3810000/6589500 (epoch 58) loss: 9.109, gen loss: 3.151, ret loss: 0.610, fp loss: 1.573, KL loss: 18.875. 
3820000/6589500 (epoch 58) loss: 9.104, gen loss: 3.153, ret loss: 0.612, fp loss: 1.572, KL loss: 18.835. 
Model checkpoint: save/all_data_1k_vocab_0.2_KL_beta/model58.ckpt. Average for epoch , loss: 9.100
3830000/6589500 (epoch 59) loss: 9.135, gen loss: 3.208, ret loss: 0.625, fp loss: 1.565, KL loss: 18.684. 
3840000/6589500 (epoch 59) loss: 9.128, gen loss: 3.199, ret loss: 0.620, fp loss: 1.557, KL loss: 18.759. 
3850000/6589500 (epoch 59) loss: 9.106, gen loss: 3.174, ret loss: 0.616, fp loss: 1.556, KL loss: 18.800. 
3860000/6589500 (epoch 59) loss: 9.096, gen loss: 3.167, ret loss: 0.615, fp loss: 1.555, KL loss: 18.794. 
3870000/6589500 (epoch 59) loss: 9.082, gen loss: 3.165, ret loss: 0.616, fp loss: 1.553, KL loss: 18.741. 
3880000/6589500 (epoch 59) loss: 9.083, gen loss: 3.168, ret loss: 0.618, fp loss: 1.553, KL loss: 18.717. 
Model checkpoint: save/all_data_1k_vocab_0.2_KL_beta/model59.ckpt. Average for epoch , loss: 9.089
3890000/6589500 (epoch 60) loss: 9.054, gen loss: 3.196, ret loss: 0.621, fp loss: 1.543, KL loss: 18.469. 
3900000/6589500 (epoch 60) loss: 9.080, gen loss: 3.214, ret loss: 0.603, fp loss: 1.545, KL loss: 18.585. 
3910000/6589500 (epoch 60) loss: 9.090, gen loss: 3.220, ret loss: 0.599, fp loss: 1.553, KL loss: 18.589. 
3920000/6589500 (epoch 60) loss: 9.080, gen loss: 3.212, ret loss: 0.596, fp loss: 1.554, KL loss: 18.588. 
3930000/6589500 (epoch 60) loss: 9.165, gen loss: 3.231, ret loss: 0.594, fp loss: 1.569, KL loss: 18.856. 
3940000/6589500 (epoch 60) loss: 9.157, gen loss: 3.234, ret loss: 0.594, fp loss: 1.570, KL loss: 18.796. 
3950000/6589500 (epoch 60) loss: 9.158, gen loss: 3.244, ret loss: 0.597, fp loss: 1.571, KL loss: 18.730. 
Model checkpoint: save/all_data_1k_vocab_0.2_KL_beta/model60.ckpt. Average for epoch , loss: 9.157
3960000/6589500 (epoch 61) loss: 9.138, gen loss: 3.248, ret loss: 0.602, fp loss: 1.583, KL loss: 18.525. 
3970000/6589500 (epoch 61) loss: 9.189, gen loss: 3.244, ret loss: 0.600, fp loss: 1.588, KL loss: 18.786. 
3980000/6589500 (epoch 61) loss: 9.154, gen loss: 3.227, ret loss: 0.601, fp loss: 1.595, KL loss: 18.656. 
3990000/6589500 (epoch 61) loss: 9.147, gen loss: 3.225, ret loss: 0.606, fp loss: 1.594, KL loss: 18.611. 
4000000/6589500 (epoch 61) loss: 9.137, gen loss: 3.223, ret loss: 0.604, fp loss: 1.588, KL loss: 18.605. 
4010000/6589500 (epoch 61) loss: 9.136, gen loss: 3.225, ret loss: 0.603, fp loss: 1.585, KL loss: 18.616. 
Model checkpoint: save/all_data_1k_vocab_0.2_KL_beta/model61.ckpt. Average for epoch , loss: 9.133
4020000/6589500 (epoch 62) loss: 9.000, gen loss: 3.166, ret loss: 0.602, fp loss: 1.559, KL loss: 18.368. 
4030000/6589500 (epoch 62) loss: 9.116, gen loss: 3.229, ret loss: 0.612, fp loss: 1.576, KL loss: 18.495. 
4040000/6589500 (epoch 62) loss: 9.114, gen loss: 3.213, ret loss: 0.618, fp loss: 1.572, KL loss: 18.557. 
4050000/6589500 (epoch 62) loss: 9.166, gen loss: 3.224, ret loss: 0.662, fp loss: 1.576, KL loss: 18.524. 
4060000/6589500 (epoch 62) loss: 9.166, gen loss: 3.223, ret loss: 0.664, fp loss: 1.578, KL loss: 18.504. 
4070000/6589500 (epoch 62) loss: 9.172, gen loss: 3.220, ret loss: 0.659, fp loss: 1.578, KL loss: 18.578. 
4080000/6589500 (epoch 62) loss: 9.175, gen loss: 3.222, ret loss: 0.655, fp loss: 1.578, KL loss: 18.598. 
Model checkpoint: save/all_data_1k_vocab_0.2_KL_beta/model62.ckpt. Average for epoch , loss: 9.168
4090000/6589500 (epoch 63) loss: 9.098, gen loss: 3.195, ret loss: 0.620, fp loss: 1.571, KL loss: 18.567. 
4100000/6589500 (epoch 63) loss: 9.127, gen loss: 3.211, ret loss: 0.629, fp loss: 1.577, KL loss: 18.550. 
4110000/6589500 (epoch 63) loss: 9.123, gen loss: 3.210, ret loss: 0.627, fp loss: 1.575, KL loss: 18.558. 
4120000/6589500 (epoch 63) loss: 9.115, gen loss: 3.211, ret loss: 0.625, fp loss: 1.583, KL loss: 18.475. 
4130000/6589500 (epoch 63) loss: 9.118, gen loss: 3.217, ret loss: 0.626, fp loss: 1.582, KL loss: 18.468. 
4140000/6589500 (epoch 63) loss: 9.122, gen loss: 3.220, ret loss: 0.627, fp loss: 1.581, KL loss: 18.468. 
4150000/6589500 (epoch 63) loss: 9.127, gen loss: 3.223, ret loss: 0.628, fp loss: 1.583, KL loss: 18.467. 
Model checkpoint: save/all_data_1k_vocab_0.2_KL_beta/model63.ckpt. Average for epoch , loss: 9.132
4160000/6589500 (epoch 64) loss: 9.134, gen loss: 3.221, ret loss: 0.630, fp loss: 1.579, KL loss: 18.523. 
4170000/6589500 (epoch 64) loss: 9.113, gen loss: 3.219, ret loss: 0.625, fp loss: 1.577, KL loss: 18.457. 
4180000/6589500 (epoch 64) loss: 9.103, gen loss: 3.213, ret loss: 0.625, fp loss: 1.577, KL loss: 18.443. 
4190000/6589500 (epoch 64) loss: 9.122, gen loss: 3.224, ret loss: 0.626, fp loss: 1.578, KL loss: 18.470. 
4200000/6589500 (epoch 64) loss: 9.133, gen loss: 3.233, ret loss: 0.626, fp loss: 1.578, KL loss: 18.480. 
4210000/6589500 (epoch 64) loss: 9.158, gen loss: 3.265, ret loss: 0.625, fp loss: 1.577, KL loss: 18.460. 
Model checkpoint: save/all_data_1k_vocab_0.2_KL_beta/model64.ckpt. Average for epoch , loss: 9.172
4220000/6589500 (epoch 65) loss: 9.214, gen loss: 3.356, ret loss: 0.619, fp loss: 1.562, KL loss: 18.389. 
4230000/6589500 (epoch 65) loss: 9.213, gen loss: 3.352, ret loss: 0.624, fp loss: 1.563, KL loss: 18.370. 
4240000/6589500 (epoch 65) loss: 9.290, gen loss: 3.356, ret loss: 0.635, fp loss: 1.563, KL loss: 18.682. 
4250000/6589500 (epoch 65) loss: 9.275, gen loss: 3.351, ret loss: 0.641, fp loss: 1.567, KL loss: 18.581. 
4260000/6589500 (epoch 65) loss: 9.276, gen loss: 3.352, ret loss: 0.645, fp loss: 1.567, KL loss: 18.559. 
4270000/6589500 (epoch 65) loss: 9.265, gen loss: 3.345, ret loss: 0.647, fp loss: 1.566, KL loss: 18.536. 
4280000/6589500 (epoch 65) loss: 9.267, gen loss: 3.343, ret loss: 0.648, fp loss: 1.568, KL loss: 18.540. 
Model checkpoint: save/all_data_1k_vocab_0.2_KL_beta/model65.ckpt. Average for epoch , loss: 9.262
4290000/6589500 (epoch 66) loss: 9.205, gen loss: 3.279, ret loss: 0.643, fp loss: 1.573, KL loss: 18.553. 
4300000/6589500 (epoch 66) loss: 9.207, gen loss: 3.290, ret loss: 0.634, fp loss: 1.582, KL loss: 18.500. 
4310000/6589500 (epoch 66) loss: 9.232, gen loss: 3.303, ret loss: 0.637, fp loss: 1.592, KL loss: 18.495. 
4320000/6589500 (epoch 66) loss: 9.242, gen loss: 3.314, ret loss: 0.637, fp loss: 1.593, KL loss: 18.488. 
4330000/6589500 (epoch 66) loss: 9.255, gen loss: 3.326, ret loss: 0.637, fp loss: 1.591, KL loss: 18.502. 
4340000/6589500 (epoch 66) loss: 9.261, gen loss: 3.332, ret loss: 0.638, fp loss: 1.592, KL loss: 18.494. 
Model checkpoint: save/all_data_1k_vocab_0.2_KL_beta/model66.ckpt. Average for epoch , loss: 9.259
4350000/6589500 (epoch 67) loss: 9.267, gen loss: 3.360, ret loss: 0.648, fp loss: 1.591, KL loss: 18.333. 
4360000/6589500 (epoch 67) loss: 9.303, gen loss: 3.366, ret loss: 0.642, fp loss: 1.597, KL loss: 18.489. 
4370000/6589500 (epoch 67) loss: 9.269, gen loss: 3.349, ret loss: 0.642, fp loss: 1.591, KL loss: 18.432. 
4380000/6589500 (epoch 67) loss: 9.245, gen loss: 3.336, ret loss: 0.637, fp loss: 1.592, KL loss: 18.397. 
4390000/6589500 (epoch 67) loss: 9.241, gen loss: 3.331, ret loss: 0.635, fp loss: 1.592, KL loss: 18.414. 
4400000/6589500 (epoch 67) loss: 9.253, gen loss: 3.335, ret loss: 0.631, fp loss: 1.590, KL loss: 18.479. 
4410000/6589500 (epoch 67) loss: 9.249, gen loss: 3.336, ret loss: 0.632, fp loss: 1.592, KL loss: 18.445. 
Model checkpoint: save/all_data_1k_vocab_0.2_KL_beta/model67.ckpt. Average for epoch , loss: 9.245
4420000/6589500 (epoch 68) loss: 9.324, gen loss: 3.356, ret loss: 0.625, fp loss: 1.591, KL loss: 18.761. 
4430000/6589500 (epoch 68) loss: 9.259, gen loss: 3.336, ret loss: 0.618, fp loss: 1.588, KL loss: 18.582. 
4440000/6589500 (epoch 68) loss: 9.309, gen loss: 3.359, ret loss: 0.627, fp loss: 1.600, KL loss: 18.621. 
4450000/6589500 (epoch 68) loss: 9.282, gen loss: 3.345, ret loss: 0.625, fp loss: 1.606, KL loss: 18.529. 
4460000/6589500 (epoch 68) loss: 9.273, gen loss: 3.340, ret loss: 0.626, fp loss: 1.607, KL loss: 18.502. 
4470000/6589500 (epoch 68) loss: 9.266, gen loss: 3.339, ret loss: 0.628, fp loss: 1.603, KL loss: 18.479. 
4480000/6589500 (epoch 68) loss: 9.267, gen loss: 3.338, ret loss: 0.632, fp loss: 1.602, KL loss: 18.473. 
Model checkpoint: save/all_data_1k_vocab_0.2_KL_beta/model68.ckpt. Average for epoch , loss: 9.266
4490000/6589500 (epoch 69) loss: 10.058, gen loss: 3.472, ret loss: 0.659, fp loss: 1.799, KL loss: 20.645. 
4500000/6589500 (epoch 69) loss: 9.667, gen loss: 3.400, ret loss: 0.657, fp loss: 1.742, KL loss: 19.337. 
4510000/6589500 (epoch 69) loss: 9.530, gen loss: 3.368, ret loss: 0.655, fp loss: 1.712, KL loss: 18.976. 
4520000/6589500 (epoch 69) loss: 9.468, gen loss: 3.357, ret loss: 0.654, fp loss: 1.696, KL loss: 18.805. 
4530000/6589500 (epoch 69) loss: 9.425, gen loss: 3.354, ret loss: 0.650, fp loss: 1.681, KL loss: 18.697. 
4540000/6589500 (epoch 69) loss: 9.399, gen loss: 3.349, ret loss: 0.648, fp loss: 1.671, KL loss: 18.658. 
Model checkpoint: save/all_data_1k_vocab_0.2_KL_beta/model69.ckpt. Average for epoch , loss: 9.389
4550000/6589500 (epoch 70) loss: 9.179, gen loss: 3.311, ret loss: 0.616, fp loss: 1.603, KL loss: 18.243. 
4560000/6589500 (epoch 70) loss: 9.330, gen loss: 3.348, ret loss: 0.630, fp loss: 1.614, KL loss: 18.693. 
4570000/6589500 (epoch 70) loss: 9.311, gen loss: 3.340, ret loss: 0.636, fp loss: 1.618, KL loss: 18.592. 
4580000/6589500 (epoch 70) loss: 9.287, gen loss: 3.325, ret loss: 0.634, fp loss: 1.620, KL loss: 18.538. 
4590000/6589500 (epoch 70) loss: 9.291, gen loss: 3.328, ret loss: 0.636, fp loss: 1.621, KL loss: 18.526. 
4600000/6589500 (epoch 70) loss: 9.277, gen loss: 3.325, ret loss: 0.635, fp loss: 1.619, KL loss: 18.494. 
4610000/6589500 (epoch 70) loss: 9.276, gen loss: 3.329, ret loss: 0.634, fp loss: 1.620, KL loss: 18.463. 
Model checkpoint: save/all_data_1k_vocab_0.2_KL_beta/model70.ckpt. Average for epoch , loss: 9.297
4620000/6589500 (epoch 71) loss: 9.308, gen loss: 3.358, ret loss: 0.631, fp loss: 1.635, KL loss: 18.423. 
4630000/6589500 (epoch 71) loss: 9.337, gen loss: 3.368, ret loss: 0.631, fp loss: 1.634, KL loss: 18.516. 
4640000/6589500 (epoch 71) loss: 9.320, gen loss: 3.372, ret loss: 0.632, fp loss: 1.631, KL loss: 18.423. 
4650000/6589500 (epoch 71) loss: 9.322, gen loss: 3.382, ret loss: 0.635, fp loss: 1.631, KL loss: 18.370. 
4660000/6589500 (epoch 71) loss: 9.315, gen loss: 3.386, ret loss: 0.632, fp loss: 1.626, KL loss: 18.353. 
4670000/6589500 (epoch 71) loss: 9.319, gen loss: 3.385, ret loss: 0.633, fp loss: 1.624, KL loss: 18.388. 
Model checkpoint: save/all_data_1k_vocab_0.2_KL_beta/model71.ckpt. Average for epoch , loss: 9.319
4680000/6589500 (epoch 72) loss: 9.259, gen loss: 3.365, ret loss: 0.625, fp loss: 1.633, KL loss: 18.182. 
4690000/6589500 (epoch 72) loss: 9.346, gen loss: 3.364, ret loss: 0.654, fp loss: 1.639, KL loss: 18.442. 
4700000/6589500 (epoch 72) loss: 9.334, gen loss: 3.355, ret loss: 0.657, fp loss: 1.625, KL loss: 18.484. 
4710000/6589500 (epoch 72) loss: 9.320, gen loss: 3.350, ret loss: 0.655, fp loss: 1.623, KL loss: 18.467. 
4720000/6589500 (epoch 72) loss: 9.316, gen loss: 3.356, ret loss: 0.654, fp loss: 1.621, KL loss: 18.423. 
4730000/6589500 (epoch 72) loss: 9.303, gen loss: 3.357, ret loss: 0.650, fp loss: 1.618, KL loss: 18.388. 
4740000/6589500 (epoch 72) loss: 9.313, gen loss: 3.365, ret loss: 0.648, fp loss: 1.618, KL loss: 18.409. 
Model checkpoint: save/all_data_1k_vocab_0.2_KL_beta/model72.ckpt. Average for epoch , loss: 9.308
4750000/6589500 (epoch 73) loss: 9.259, gen loss: 3.393, ret loss: 0.629, fp loss: 1.596, KL loss: 18.203. 
4760000/6589500 (epoch 73) loss: 9.243, gen loss: 3.368, ret loss: 0.628, fp loss: 1.590, KL loss: 18.283. 
4770000/6589500 (epoch 73) loss: 9.252, gen loss: 3.367, ret loss: 0.626, fp loss: 1.588, KL loss: 18.353. 
4780000/6589500 (epoch 73) loss: 9.266, gen loss: 3.374, ret loss: 0.626, fp loss: 1.585, KL loss: 18.402. 
4790000/6589500 (epoch 73) loss: 9.276, gen loss: 3.379, ret loss: 0.628, fp loss: 1.583, KL loss: 18.434. 
4800000/6589500 (epoch 73) loss: 9.269, gen loss: 3.376, ret loss: 0.630, fp loss: 1.580, KL loss: 18.416. 
4810000/6589500 (epoch 73) loss: 9.268, gen loss: 3.373, ret loss: 0.633, fp loss: 1.580, KL loss: 18.412. 
Model checkpoint: save/all_data_1k_vocab_0.2_KL_beta/model73.ckpt. Average for epoch , loss: 9.268
4820000/6589500 (epoch 74) loss: 9.317, gen loss: 3.347, ret loss: 0.662, fp loss: 1.563, KL loss: 18.725. 
4830000/6589500 (epoch 74) loss: 9.282, gen loss: 3.355, ret loss: 0.660, fp loss: 1.565, KL loss: 18.508. 
4840000/6589500 (epoch 74) loss: 9.304, gen loss: 3.358, ret loss: 0.659, fp loss: 1.581, KL loss: 18.530. 
4850000/6589500 (epoch 74) loss: 9.309, gen loss: 3.372, ret loss: 0.661, fp loss: 1.582, KL loss: 18.468. 
4860000/6589500 (epoch 74) loss: 9.430, gen loss: 3.396, ret loss: 0.660, fp loss: 1.602, KL loss: 18.860. 
4870000/6589500 (epoch 74) loss: 9.454, gen loss: 3.407, ret loss: 0.660, fp loss: 1.620, KL loss: 18.836. 
Model checkpoint: save/all_data_1k_vocab_0.2_KL_beta/model74.ckpt. Average for epoch , loss: 9.469
4880000/6589500 (epoch 75) loss: 9.467, gen loss: 3.420, ret loss: 0.659, fp loss: 1.661, KL loss: 18.639. 
4890000/6589500 (epoch 75) loss: 9.415, gen loss: 3.407, ret loss: 0.668, fp loss: 1.654, KL loss: 18.428. 
4900000/6589500 (epoch 75) loss: 9.408, gen loss: 3.405, ret loss: 0.672, fp loss: 1.647, KL loss: 18.420. 
4910000/6589500 (epoch 75) loss: 9.422, gen loss: 3.404, ret loss: 0.684, fp loss: 1.646, KL loss: 18.439. 
4920000/6589500 (epoch 75) loss: 9.425, gen loss: 3.403, ret loss: 0.685, fp loss: 1.648, KL loss: 18.450. 
4930000/6589500 (epoch 75) loss: 9.413, gen loss: 3.401, ret loss: 0.687, fp loss: 1.648, KL loss: 18.383. 
4940000/6589500 (epoch 75) loss: 9.417, gen loss: 3.407, ret loss: 0.695, fp loss: 1.649, KL loss: 18.329. 
Model checkpoint: save/all_data_1k_vocab_0.2_KL_beta/model75.ckpt. Average for epoch , loss: 9.419
4950000/6589500 (epoch 76) loss: 9.358, gen loss: 3.387, ret loss: 0.710, fp loss: 1.632, KL loss: 18.146. 
4960000/6589500 (epoch 76) loss: 9.393, gen loss: 3.409, ret loss: 0.701, fp loss: 1.629, KL loss: 18.268. 
4970000/6589500 (epoch 76) loss: 9.392, gen loss: 3.408, ret loss: 0.701, fp loss: 1.631, KL loss: 18.261. 
4980000/6589500 (epoch 76) loss: 9.407, gen loss: 3.419, ret loss: 0.703, fp loss: 1.631, KL loss: 18.269. 
4990000/6589500 (epoch 76) loss: 9.463, gen loss: 3.434, ret loss: 0.703, fp loss: 1.644, KL loss: 18.409. 
5000000/6589500 (epoch 76) loss: 9.464, gen loss: 3.435, ret loss: 0.701, fp loss: 1.650, KL loss: 18.384. 
Model checkpoint: save/all_data_1k_vocab_0.2_KL_beta/model76.ckpt. Average for epoch , loss: 9.448
5010000/6589500 (epoch 77) loss: 9.357, gen loss: 3.396, ret loss: 0.680, fp loss: 1.631, KL loss: 18.247. 
5020000/6589500 (epoch 77) loss: 9.339, gen loss: 3.393, ret loss: 0.680, fp loss: 1.627, KL loss: 18.190. 
5030000/6589500 (epoch 77) loss: 9.362, gen loss: 3.393, ret loss: 0.689, fp loss: 1.634, KL loss: 18.227. 
5040000/6589500 (epoch 77) loss: 9.377, gen loss: 3.405, ret loss: 0.694, fp loss: 1.632, KL loss: 18.230. 
5050000/6589500 (epoch 77) loss: 9.419, gen loss: 3.410, ret loss: 0.710, fp loss: 1.645, KL loss: 18.270. 
5060000/6589500 (epoch 77) loss: 9.402, gen loss: 3.402, ret loss: 0.708, fp loss: 1.648, KL loss: 18.219. 
5070000/6589500 (epoch 77) loss: 9.403, gen loss: 3.399, ret loss: 0.706, fp loss: 1.651, KL loss: 18.232. 
Model checkpoint: save/all_data_1k_vocab_0.2_KL_beta/model77.ckpt. Average for epoch , loss: 9.400
5080000/6589500 (epoch 78) loss: 9.342, gen loss: 3.382, ret loss: 0.684, fp loss: 1.645, KL loss: 18.154. 
5090000/6589500 (epoch 78) loss: 9.393, gen loss: 3.401, ret loss: 0.699, fp loss: 1.639, KL loss: 18.270. 
5100000/6589500 (epoch 78) loss: 9.399, gen loss: 3.407, ret loss: 0.707, fp loss: 1.645, KL loss: 18.200. 
5110000/6589500 (epoch 78) loss: 9.457, gen loss: 3.431, ret loss: 0.712, fp loss: 1.646, KL loss: 18.342. 
5120000/6589500 (epoch 78) loss: 9.447, gen loss: 3.438, ret loss: 0.712, fp loss: 1.641, KL loss: 18.278. 
5130000/6589500 (epoch 78) loss: 9.445, gen loss: 3.440, ret loss: 0.710, fp loss: 1.639, KL loss: 18.284. 
Model checkpoint: save/all_data_1k_vocab_0.2_KL_beta/model78.ckpt. Average for epoch , loss: 9.446
5140000/6589500 (epoch 79) loss: 9.460, gen loss: 3.425, ret loss: 0.718, fp loss: 1.623, KL loss: 18.475. 
5150000/6589500 (epoch 79) loss: 9.368, gen loss: 3.400, ret loss: 0.706, fp loss: 1.635, KL loss: 18.137. 
5160000/6589500 (epoch 79) loss: 9.380, gen loss: 3.406, ret loss: 0.700, fp loss: 1.639, KL loss: 18.175. 
5170000/6589500 (epoch 79) loss: 9.383, gen loss: 3.405, ret loss: 0.700, fp loss: 1.639, KL loss: 18.193. 
5180000/6589500 (epoch 79) loss: 9.404, gen loss: 3.416, ret loss: 0.703, fp loss: 1.643, KL loss: 18.211. 
5190000/6589500 (epoch 79) loss: 9.416, gen loss: 3.419, ret loss: 0.703, fp loss: 1.643, KL loss: 18.253. 
5200000/6589500 (epoch 79) loss: 9.414, gen loss: 3.422, ret loss: 0.702, fp loss: 1.642, KL loss: 18.236. 
Model checkpoint: save/all_data_1k_vocab_0.2_KL_beta/model79.ckpt. Average for epoch , loss: 9.411
5210000/6589500 (epoch 80) loss: 9.423, gen loss: 3.468, ret loss: 0.681, fp loss: 1.623, KL loss: 18.254. 
5220000/6589500 (epoch 80) loss: 9.406, gen loss: 3.453, ret loss: 0.688, fp loss: 1.623, KL loss: 18.204. 
5230000/6589500 (epoch 80) loss: 9.399, gen loss: 3.435, ret loss: 0.695, fp loss: 1.626, KL loss: 18.216. 
5240000/6589500 (epoch 80) loss: 9.400, gen loss: 3.430, ret loss: 0.699, fp loss: 1.626, KL loss: 18.221. 
5250000/6589500 (epoch 80) loss: 9.388, gen loss: 3.424, ret loss: 0.699, fp loss: 1.624, KL loss: 18.208. 
5260000/6589500 (epoch 80) loss: 9.390, gen loss: 3.422, ret loss: 0.698, fp loss: 1.622, KL loss: 18.246. 
5270000/6589500 (epoch 80) loss: 9.383, gen loss: 3.420, ret loss: 0.699, fp loss: 1.621, KL loss: 18.209. 
Model checkpoint: save/all_data_1k_vocab_0.2_KL_beta/model80.ckpt. Average for epoch , loss: 9.384
5280000/6589500 (epoch 81) loss: 9.411, gen loss: 3.412, ret loss: 0.709, fp loss: 1.613, KL loss: 18.383. 
5290000/6589500 (epoch 81) loss: 9.397, gen loss: 3.420, ret loss: 0.702, fp loss: 1.611, KL loss: 18.319. 
5300000/6589500 (epoch 81) loss: 9.367, gen loss: 3.412, ret loss: 0.695, fp loss: 1.608, KL loss: 18.260. 
5310000/6589500 (epoch 81) loss: 9.374, gen loss: 3.417, ret loss: 0.693, fp loss: 1.609, KL loss: 18.277. 
5320000/6589500 (epoch 81) loss: 9.376, gen loss: 3.422, ret loss: 0.692, fp loss: 1.602, KL loss: 18.297. 
5330000/6589500 (epoch 81) loss: 9.383, gen loss: 3.427, ret loss: 0.695, fp loss: 1.602, KL loss: 18.298. 
Model checkpoint: save/all_data_1k_vocab_0.2_KL_beta/model81.ckpt. Average for epoch , loss: 9.381
5340000/6589500 (epoch 82) loss: 10.375, gen loss: 3.638, ret loss: 0.709, fp loss: 1.697, KL loss: 21.655. 
5350000/6589500 (epoch 82) loss: 9.587, gen loss: 3.490, ret loss: 0.688, fp loss: 1.661, KL loss: 18.740. 
5360000/6589500 (epoch 82) loss: 9.477, gen loss: 3.451, ret loss: 0.688, fp loss: 1.640, KL loss: 18.493. 
5370000/6589500 (epoch 82) loss: 9.443, gen loss: 3.434, ret loss: 0.689, fp loss: 1.632, KL loss: 18.439. 
5380000/6589500 (epoch 82) loss: 9.466, gen loss: 3.431, ret loss: 0.691, fp loss: 1.632, KL loss: 18.561. 
5390000/6589500 (epoch 82) loss: 9.444, gen loss: 3.433, ret loss: 0.689, fp loss: 1.626, KL loss: 18.482. 
5400000/6589500 (epoch 82) loss: 9.439, gen loss: 3.439, ret loss: 0.688, fp loss: 1.622, KL loss: 18.451. 
Model checkpoint: save/all_data_1k_vocab_0.2_KL_beta/model82.ckpt. Average for epoch , loss: 9.440
5410000/6589500 (epoch 83) loss: 9.322, gen loss: 3.413, ret loss: 0.709, fp loss: 1.585, KL loss: 18.078. 
5420000/6589500 (epoch 83) loss: 9.341, gen loss: 3.418, ret loss: 0.708, fp loss: 1.584, KL loss: 18.157. 
5430000/6589500 (epoch 83) loss: 9.347, gen loss: 3.409, ret loss: 0.703, fp loss: 1.596, KL loss: 18.195. 
5440000/6589500 (epoch 83) loss: 9.356, gen loss: 3.410, ret loss: 0.706, fp loss: 1.607, KL loss: 18.165. 
5450000/6589500 (epoch 83) loss: 9.375, gen loss: 3.413, ret loss: 0.708, fp loss: 1.612, KL loss: 18.205. 
5460000/6589500 (epoch 83) loss: 9.393, gen loss: 3.415, ret loss: 0.711, fp loss: 1.613, KL loss: 18.268. 
Model checkpoint: save/all_data_1k_vocab_0.2_KL_beta/model83.ckpt. Average for epoch , loss: 9.397
5470000/6589500 (epoch 84) loss: 9.294, gen loss: 3.393, ret loss: 0.717, fp loss: 1.627, KL loss: 17.787. 
5480000/6589500 (epoch 84) loss: 9.410, gen loss: 3.419, ret loss: 0.710, fp loss: 1.634, KL loss: 18.237. 
5490000/6589500 (epoch 84) loss: 9.405, gen loss: 3.410, ret loss: 0.711, fp loss: 1.642, KL loss: 18.207. 
5500000/6589500 (epoch 84) loss: 9.391, gen loss: 3.405, ret loss: 0.707, fp loss: 1.646, KL loss: 18.162. 
5510000/6589500 (epoch 84) loss: 9.447, gen loss: 3.417, ret loss: 0.707, fp loss: 1.650, KL loss: 18.361. 
5520000/6589500 (epoch 84) loss: 9.471, gen loss: 3.428, ret loss: 0.711, fp loss: 1.653, KL loss: 18.399. 
5530000/6589500 (epoch 84) loss: 9.480, gen loss: 3.430, ret loss: 0.713, fp loss: 1.658, KL loss: 18.394. 
Model checkpoint: save/all_data_1k_vocab_0.2_KL_beta/model84.ckpt. Average for epoch , loss: 9.484
5540000/6589500 (epoch 85) loss: 9.477, gen loss: 3.435, ret loss: 0.735, fp loss: 1.652, KL loss: 18.275. 
5550000/6589500 (epoch 85) loss: 9.474, gen loss: 3.446, ret loss: 0.729, fp loss: 1.651, KL loss: 18.242. 
5560000/6589500 (epoch 85) loss: 9.668, gen loss: 3.470, ret loss: 0.737, fp loss: 1.667, KL loss: 18.968. 
5570000/6589500 (epoch 85) loss: 9.639, gen loss: 3.472, ret loss: 0.761, fp loss: 1.676, KL loss: 18.651. 
5580000/6589500 (epoch 85) loss: 9.608, gen loss: 3.469, ret loss: 0.769, fp loss: 1.674, KL loss: 18.478. 
5590000/6589500 (epoch 85) loss: 9.587, gen loss: 3.468, ret loss: 0.769, fp loss: 1.671, KL loss: 18.392. 
5600000/6589500 (epoch 85) loss: 9.569, gen loss: 3.461, ret loss: 0.767, fp loss: 1.669, KL loss: 18.357. 
Model checkpoint: save/all_data_1k_vocab_0.2_KL_beta/model85.ckpt. Average for epoch , loss: 9.577
5610000/6589500 (epoch 86) loss: 9.456, gen loss: 3.460, ret loss: 0.748, fp loss: 1.636, KL loss: 18.063. 
5620000/6589500 (epoch 86) loss: 9.622, gen loss: 3.489, ret loss: 0.743, fp loss: 1.649, KL loss: 18.708. 
5630000/6589500 (epoch 86) loss: 9.563, gen loss: 3.474, ret loss: 0.740, fp loss: 1.646, KL loss: 18.514. 
5640000/6589500 (epoch 86) loss: 9.896, gen loss: 3.557, ret loss: 0.743, fp loss: 1.697, KL loss: 19.496. 
5650000/6589500 (epoch 86) loss: 9.837, gen loss: 3.547, ret loss: 0.742, fp loss: 1.692, KL loss: 19.279. 
5660000/6589500 (epoch 86) loss: 9.784, gen loss: 3.539, ret loss: 0.742, fp loss: 1.684, KL loss: 19.092. 
Model checkpoint: save/all_data_1k_vocab_0.2_KL_beta/model86.ckpt. Average for epoch , loss: 9.769
5670000/6589500 (epoch 87) loss: 9.433, gen loss: 3.449, ret loss: 0.742, fp loss: 1.660, KL loss: 17.910. 
5680000/6589500 (epoch 87) loss: 9.520, gen loss: 3.474, ret loss: 0.753, fp loss: 1.654, KL loss: 18.191. 
5690000/6589500 (epoch 87) loss: 9.510, gen loss: 3.475, ret loss: 0.758, fp loss: 1.649, KL loss: 18.142. 
5700000/6589500 (epoch 87) loss: 9.519, gen loss: 3.487, ret loss: 0.764, fp loss: 1.650, KL loss: 18.091. 
5710000/6589500 (epoch 87) loss: 9.528, gen loss: 3.505, ret loss: 0.763, fp loss: 1.652, KL loss: 18.040. 
5720000/6589500 (epoch 87) loss: 9.796, gen loss: 3.553, ret loss: 0.762, fp loss: 1.664, KL loss: 19.087. 
5730000/6589500 (epoch 87) loss: 9.964, gen loss: 3.646, ret loss: 0.769, fp loss: 1.713, KL loss: 19.181. 
Model checkpoint: save/all_data_1k_vocab_0.2_KL_beta/model87.ckpt. Average for epoch , loss: 9.960
5740000/6589500 (epoch 88) loss: 9.881, gen loss: 3.809, ret loss: 0.815, fp loss: 1.786, KL loss: 17.355. 
5750000/6589500 (epoch 88) loss: 9.845, gen loss: 3.780, ret loss: 0.797, fp loss: 1.777, KL loss: 17.452. 
5760000/6589500 (epoch 88) loss: 9.812, gen loss: 3.759, ret loss: 0.797, fp loss: 1.770, KL loss: 17.427. 
5770000/6589500 (epoch 88) loss: 9.798, gen loss: 3.753, ret loss: 0.803, fp loss: 1.762, KL loss: 17.400. 
5780000/6589500 (epoch 88) loss: 9.786, gen loss: 3.748, ret loss: 0.799, fp loss: 1.756, KL loss: 17.419. 
5790000/6589500 (epoch 88) loss: 9.778, gen loss: 3.744, ret loss: 0.795, fp loss: 1.753, KL loss: 17.430. 
Model checkpoint: save/all_data_1k_vocab_0.2_KL_beta/model88.ckpt. Average for epoch , loss: 9.765
5800000/6589500 (epoch 89) loss: 9.705, gen loss: 3.724, ret loss: 0.789, fp loss: 1.723, KL loss: 17.346. 
5810000/6589500 (epoch 89) loss: 9.727, gen loss: 3.718, ret loss: 0.770, fp loss: 1.715, KL loss: 17.622. 
5820000/6589500 (epoch 89) loss: 9.717, gen loss: 3.707, ret loss: 0.767, fp loss: 1.712, KL loss: 17.658. 
5830000/6589500 (epoch 89) loss: 9.808, gen loss: 3.729, ret loss: 0.782, fp loss: 1.718, KL loss: 17.898. 
5840000/6589500 (epoch 89) loss: 9.782, gen loss: 3.726, ret loss: 0.791, fp loss: 1.716, KL loss: 17.747. 
5850000/6589500 (epoch 89) loss: 9.784, gen loss: 3.725, ret loss: 0.795, fp loss: 1.714, KL loss: 17.747. 
5860000/6589500 (epoch 89) loss: 9.783, gen loss: 3.720, ret loss: 0.812, fp loss: 1.715, KL loss: 17.682. 
Model checkpoint: save/all_data_1k_vocab_0.2_KL_beta/model89.ckpt. Average for epoch , loss: 9.776
5870000/6589500 (epoch 90) loss: 9.815, gen loss: 3.690, ret loss: 0.881, fp loss: 1.698, KL loss: 17.729. 
5880000/6589500 (epoch 90) loss: 9.897, gen loss: 3.704, ret loss: 0.863, fp loss: 1.706, KL loss: 18.117. 
5890000/6589500 (epoch 90) loss: 9.823, gen loss: 3.694, ret loss: 0.861, fp loss: 1.704, KL loss: 17.820. 
5900000/6589500 (epoch 90) loss: 9.804, gen loss: 3.694, ret loss: 0.843, fp loss: 1.705, KL loss: 17.812. 
5910000/6589500 (epoch 90) loss: 9.781, gen loss: 3.693, ret loss: 0.828, fp loss: 1.707, KL loss: 17.766. 
5920000/6589500 (epoch 90) loss: 9.775, gen loss: 3.692, ret loss: 0.818, fp loss: 1.706, KL loss: 17.791. 
5930000/6589500 (epoch 90) loss: 9.785, gen loss: 3.692, ret loss: 0.819, fp loss: 1.708, KL loss: 17.828. 
Model checkpoint: save/all_data_1k_vocab_0.2_KL_beta/model90.ckpt. Average for epoch , loss: 9.784
5940000/6589500 (epoch 91) loss: 9.850, gen loss: 3.688, ret loss: 1.006, fp loss: 1.709, KL loss: 17.235. 
5950000/6589500 (epoch 91) loss: 9.903, gen loss: 3.683, ret loss: 1.022, fp loss: 1.711, KL loss: 17.436. 
5960000/6589500 (epoch 91) loss: 9.906, gen loss: 3.679, ret loss: 1.028, fp loss: 1.710, KL loss: 17.446. 
5970000/6589500 (epoch 91) loss: 9.919, gen loss: 3.688, ret loss: 1.033, fp loss: 1.712, KL loss: 17.429. 
5980000/6589500 (epoch 91) loss: 10.135, gen loss: 3.711, ret loss: 1.038, fp loss: 1.722, KL loss: 18.320. 
5990000/6589500 (epoch 91) loss: 10.151, gen loss: 3.723, ret loss: 1.038, fp loss: 1.744, KL loss: 18.230. 
Model checkpoint: save/all_data_1k_vocab_0.2_KL_beta/model91.ckpt. Average for epoch , loss: 10.129
6000000/6589500 (epoch 92) loss: 9.873, gen loss: 3.699, ret loss: 1.025, fp loss: 1.730, KL loss: 17.091. 
6010000/6589500 (epoch 92) loss: 9.929, gen loss: 3.711, ret loss: 1.035, fp loss: 1.734, KL loss: 17.244. 
6020000/6589500 (epoch 92) loss: 9.927, gen loss: 3.719, ret loss: 1.034, fp loss: 1.736, KL loss: 17.196. 
6030000/6589500 (epoch 92) loss: 9.914, gen loss: 3.701, ret loss: 1.032, fp loss: 1.743, KL loss: 17.188. 
6040000/6589500 (epoch 92) loss: 9.929, gen loss: 3.709, ret loss: 1.037, fp loss: 1.749, KL loss: 17.172. 
6050000/6589500 (epoch 92) loss: 9.925, gen loss: 3.713, ret loss: 1.042, fp loss: 1.743, KL loss: 17.136. 
6060000/6589500 (epoch 92) loss: 9.923, gen loss: 3.710, ret loss: 1.036, fp loss: 1.739, KL loss: 17.185. 
Model checkpoint: save/all_data_1k_vocab_0.2_KL_beta/model92.ckpt. Average for epoch , loss: 9.918
6070000/6589500 (epoch 93) loss: 9.836, gen loss: 3.678, ret loss: 1.004, fp loss: 1.701, KL loss: 17.263. 
6080000/6589500 (epoch 93) loss: 9.978, gen loss: 3.724, ret loss: 1.038, fp loss: 1.738, KL loss: 17.392. 
6090000/6589500 (epoch 93) loss: 9.947, gen loss: 3.692, ret loss: 1.042, fp loss: 1.730, KL loss: 17.418. 
6100000/6589500 (epoch 93) loss: 9.946, gen loss: 3.703, ret loss: 1.063, fp loss: 1.724, KL loss: 17.280. 
6110000/6589500 (epoch 93) loss: 9.951, gen loss: 3.706, ret loss: 1.066, fp loss: 1.722, KL loss: 17.289. 
6120000/6589500 (epoch 93) loss: 9.938, gen loss: 3.711, ret loss: 1.052, fp loss: 1.720, KL loss: 17.276. 
Model checkpoint: save/all_data_1k_vocab_0.2_KL_beta/model93.ckpt. Average for epoch , loss: 9.927
6130000/6589500 (epoch 94) loss: 9.805, gen loss: 3.696, ret loss: 0.875, fp loss: 1.700, KL loss: 17.672. 
6140000/6589500 (epoch 94) loss: 9.783, gen loss: 3.695, ret loss: 0.832, fp loss: 1.691, KL loss: 17.824. 
6150000/6589500 (epoch 94) loss: 9.776, gen loss: 3.680, ret loss: 0.829, fp loss: 1.688, KL loss: 17.892. 
6160000/6589500 (epoch 94) loss: 9.777, gen loss: 3.675, ret loss: 0.827, fp loss: 1.696, KL loss: 17.892. 
6170000/6589500 (epoch 94) loss: 10.063, gen loss: 3.731, ret loss: 0.820, fp loss: 1.745, KL loss: 18.832. 
6180000/6589500 (epoch 94) loss: 10.050, gen loss: 3.783, ret loss: 0.812, fp loss: 1.743, KL loss: 18.560. 
6190000/6589500 (epoch 94) loss: 10.025, gen loss: 3.805, ret loss: 0.807, fp loss: 1.740, KL loss: 18.366. 
Model checkpoint: save/all_data_1k_vocab_0.2_KL_beta/model94.ckpt. Average for epoch , loss: 10.015
6200000/6589500 (epoch 95) loss: 9.839, gen loss: 3.805, ret loss: 0.782, fp loss: 1.728, KL loss: 17.616. 
6210000/6589500 (epoch 95) loss: 9.989, gen loss: 3.817, ret loss: 0.780, fp loss: 1.795, KL loss: 17.980. 
6220000/6589500 (epoch 95) loss: 9.923, gen loss: 3.808, ret loss: 0.782, fp loss: 1.782, KL loss: 17.755. 
6230000/6589500 (epoch 95) loss: 9.883, gen loss: 3.801, ret loss: 0.783, fp loss: 1.774, KL loss: 17.627. 
6240000/6589500 (epoch 95) loss: 9.906, gen loss: 3.810, ret loss: 0.782, fp loss: 1.776, KL loss: 17.692. 
6250000/6589500 (epoch 95) loss: 9.901, gen loss: 3.810, ret loss: 0.785, fp loss: 1.772, KL loss: 17.669. 
6260000/6589500 (epoch 95) loss: 9.892, gen loss: 3.806, ret loss: 0.785, fp loss: 1.771, KL loss: 17.649. 
Model checkpoint: save/all_data_1k_vocab_0.2_KL_beta/model95.ckpt. Average for epoch , loss: 9.892
6270000/6589500 (epoch 96) loss: 9.741, gen loss: 3.753, ret loss: 0.803, fp loss: 1.734, KL loss: 17.250. 
6280000/6589500 (epoch 96) loss: 9.969, gen loss: 3.786, ret loss: 0.819, fp loss: 1.769, KL loss: 17.975. 
6290000/6589500 (epoch 96) loss: 10.008, gen loss: 3.777, ret loss: 0.829, fp loss: 1.775, KL loss: 18.133. 
6300000/6589500 (epoch 96) loss: 10.079, gen loss: 3.786, ret loss: 0.831, fp loss: 1.808, KL loss: 18.272. 
6310000/6589500 (epoch 96) loss: 10.018, gen loss: 3.777, ret loss: 0.822, fp loss: 1.809, KL loss: 18.052. 
6320000/6589500 (epoch 96) loss: 9.989, gen loss: 3.771, ret loss: 0.816, fp loss: 1.806, KL loss: 17.977. 
Model checkpoint: save/all_data_1k_vocab_0.2_KL_beta/model96.ckpt. Average for epoch , loss: 9.967
6330000/6589500 (epoch 97) loss: 9.983, gen loss: 3.753, ret loss: 0.767, fp loss: 1.801, KL loss: 18.314. 
6340000/6589500 (epoch 97) loss: 9.896, gen loss: 3.731, ret loss: 0.767, fp loss: 1.795, KL loss: 18.010. 
6350000/6589500 (epoch 97) loss: 9.826, gen loss: 3.718, ret loss: 0.774, fp loss: 1.787, KL loss: 17.733. 
6360000/6589500 (epoch 97) loss: 9.820, gen loss: 3.713, ret loss: 0.773, fp loss: 1.791, KL loss: 17.717. 
6370000/6589500 (epoch 97) loss: 9.799, gen loss: 3.715, ret loss: 0.773, fp loss: 1.788, KL loss: 17.619. 
6380000/6589500 (epoch 97) loss: 9.843, gen loss: 3.727, ret loss: 0.778, fp loss: 1.790, KL loss: 17.736. 
6390000/6589500 (epoch 97) loss: 9.840, gen loss: 3.730, ret loss: 0.781, fp loss: 1.791, KL loss: 17.687. 
Model checkpoint: save/all_data_1k_vocab_0.2_KL_beta/model97.ckpt. Average for epoch , loss: 9.838
6400000/6589500 (epoch 98) loss: 9.796, gen loss: 3.703, ret loss: 0.831, fp loss: 1.803, KL loss: 17.294. 
6410000/6589500 (epoch 98) loss: 9.824, gen loss: 3.713, ret loss: 0.837, fp loss: 1.791, KL loss: 17.417. 
6420000/6589500 (epoch 98) loss: 9.832, gen loss: 3.706, ret loss: 0.840, fp loss: 1.791, KL loss: 17.479. 
6430000/6589500 (epoch 98) loss: 9.845, gen loss: 3.706, ret loss: 0.843, fp loss: 1.795, KL loss: 17.506. 
6440000/6589500 (epoch 98) loss: 9.891, gen loss: 3.716, ret loss: 0.848, fp loss: 1.803, KL loss: 17.615. 
6450000/6589500 (epoch 98) loss: 9.901, gen loss: 3.723, ret loss: 0.854, fp loss: 1.807, KL loss: 17.585. 
Model checkpoint: save/all_data_1k_vocab_0.2_KL_beta/model98.ckpt. Average for epoch , loss: 10.115
6460000/6589500 (epoch 99) loss: 10.225, gen loss: 4.056, ret loss: 0.993, fp loss: 1.934, KL loss: 16.205. 
6470000/6589500 (epoch 99) loss: 10.164, gen loss: 3.983, ret loss: 0.989, fp loss: 1.892, KL loss: 16.500. 
6480000/6589500 (epoch 99) loss: 10.118, gen loss: 3.940, ret loss: 0.983, fp loss: 1.873, KL loss: 16.612. 
6490000/6589500 (epoch 99) loss: 10.083, gen loss: 3.900, ret loss: 0.972, fp loss: 1.870, KL loss: 16.706. 
6500000/6589500 (epoch 99) loss: 10.119, gen loss: 3.895, ret loss: 0.965, fp loss: 1.872, KL loss: 16.935. 
6510000/6589500 (epoch 99) loss: 10.279, gen loss: 3.921, ret loss: 0.967, fp loss: 1.907, KL loss: 17.420. 
6520000/6589500 (epoch 99) loss: 10.296, gen loss: 3.937, ret loss: 0.966, fp loss: 1.916, KL loss: 17.387. 
Model checkpoint: save/all_data_1k_vocab_0.2_KL_beta/model99.ckpt. Average for epoch , loss: 10.291
6530000/6589500 (epoch 100) loss: 10.096, gen loss: 3.912, ret loss: 0.963, fp loss: 1.897, KL loss: 16.621. 
6540000/6589500 (epoch 100) loss: 10.090, gen loss: 3.909, ret loss: 0.947, fp loss: 1.897, KL loss: 16.687. 
6550000/6589500 (epoch 100) loss: 10.231, gen loss: 3.955, ret loss: 0.936, fp loss: 1.905, KL loss: 17.173. 
6560000/6589500 (epoch 100) loss: 10.200, gen loss: 3.974, ret loss: 0.930, fp loss: 1.898, KL loss: 16.989. 
6570000/6589500 (epoch 100) loss: 10.177, gen loss: 3.987, ret loss: 0.918, fp loss: 1.890, KL loss: 16.907. 
6580000/6589500 (epoch 100) loss: 10.180, gen loss: 4.001, ret loss: 0.905, fp loss: 1.886, KL loss: 16.943. 
Model checkpoint: save/all_data_1k_vocab_0.2_KL_beta/model100.ckpt. Average for epoch , loss: 10.165
