Process id is 65
GPU device is 6
Amount of data used is 6469120
	
0/1010800 (epoch 1) loss: 42.402, gen loss: 28.063, ret loss: 6.982, fp loss: 7.351, KL loss: 0.054. 
Process id is 109
GPU device is 6
Amount of data used is 6469120
	
0/1010800 (epoch 1) loss: 42.428, gen loss: 28.081, ret loss: 6.967, fp loss: 7.372, KL loss: 0.080. 
100000/1010800 (epoch 1) loss: 7.192, gen loss: 3.088, ret loss: 0.267, fp loss: 0.965, KL loss: 28.716. 
Model checkpoint: save/all_data_10k_vocab/model1.ckpt. Average for epoch , loss: 7.176
200000/1010800 (epoch 2) loss: 5.406, gen loss: 1.706, ret loss: 0.158, fp loss: 0.562, KL loss: 29.797. 
Model checkpoint: save/all_data_10k_vocab/model2.ckpt. Average for epoch , loss: 5.401
300000/1010800 (epoch 3) loss: 5.077, gen loss: 1.494, ret loss: 0.141, fp loss: 0.483, KL loss: 29.584. 
Model checkpoint: save/all_data_10k_vocab/model3.ckpt. Average for epoch , loss: 5.074
400000/1010800 (epoch 4) loss: 4.949, gen loss: 1.407, ret loss: 0.136, fp loss: 0.457, KL loss: 29.493. 
Model checkpoint: save/all_data_10k_vocab/model4.ckpt. Average for epoch , loss: 4.947
500000/1010800 (epoch 5) loss: 4.845, gen loss: 1.346, ret loss: 0.131, fp loss: 0.433, KL loss: 29.349. 
Model checkpoint: save/all_data_10k_vocab/model5.ckpt. Average for epoch , loss: 4.844
600000/1010800 (epoch 6) loss: 4.798, gen loss: 1.315, ret loss: 0.130, fp loss: 0.426, KL loss: 29.274. 
Model checkpoint: save/all_data_10k_vocab/model6.ckpt. Average for epoch , loss: 4.798
700000/1010800 (epoch 7) loss: 4.770, gen loss: 1.296, ret loss: 0.130, fp loss: 0.420, KL loss: 29.242. 
Model checkpoint: save/all_data_10k_vocab/model7.ckpt. Average for epoch , loss: 4.769
800000/1010800 (epoch 8) loss: 4.756, gen loss: 1.286, ret loss: 0.130, fp loss: 0.417, KL loss: 29.230. 
Model checkpoint: save/all_data_10k_vocab/model8.ckpt. Average for epoch , loss: 4.756
900000/1010800 (epoch 9) loss: 4.752, gen loss: 1.283, ret loss: 0.130, fp loss: 0.417, KL loss: 29.230. 
Model checkpoint: save/all_data_10k_vocab/model9.ckpt. Average for epoch , loss: 4.753
1000000/1010800 (epoch 10) loss: 4.752, gen loss: 1.280, ret loss: 0.129, fp loss: 0.420, KL loss: 29.221. 
Model checkpoint: save/all_data_10k_vocab/model10.ckpt. Average for epoch , loss: 4.751
